New log file opened at Wed Jan 25 19:42:24 COT 2017 by 9248@DESKTOP-EUGFD9N
Sending msg to client play-fork-run-c08c7093-a2d3-46cd-80b5-02ce8ad20022: DetachedLogEvent(LogMessage(debug,sbt server socket logs are in: D:\Development\soldiers\.sbtserver\connections\master.log))
Sending msg to client play-fork-run-c08c7093-a2d3-46cd-80b5-02ce8ad20022: DetachedLogEvent(LogMessage(debug,sbt general server logs are in: D:\Development\soldiers\.sbtserver\master.log))
Sending msg to client play-fork-run-c08c7093-a2d3-46cd-80b5-02ce8ad20022: DetachedLogEvent(LogMessage(debug,sbt client logs are in: D:\Development\soldiers\.sbtserver\connections\play-fork-run-c08c7093-a2d3-46cd-80b5-02ce8ad20022.log))
Reading next message from client.
Got request: ListenToEvents()
Reading next message from client.
Sending msg to client play-fork-run-c08c7093-a2d3-46cd-80b5-02ce8ad20022: BackgroundJobStarted(4,BackgroundJobInfo(1,backgroundRun,AttributeKey[sbt.BackgroundJobHandle]("backgroundRun") in Scope(Build: file:/D:/Development/soldiers/, , Project: ProjectReference(file:/D:/Development/soldiers/,root), Config: compile)))
Sending msg to client play-fork-run-c08c7093-a2d3-46cd-80b5-02ce8ad20022: (3,ReceivedResponse())
Sending msg to client play-fork-run-c08c7093-a2d3-46cd-80b5-02ce8ad20022: ExecutionWaiting(22,{file:/D:/Development/soldiers/}root/compile:mainClass,ClientInfo(3f799c6c-500a-42e0-9e94-4f4b1c3585b0,activator,Activator,3,Vector()))
Sending msg to client play-fork-run-c08c7093-a2d3-46cd-80b5-02ce8ad20022: ExecutionStarting(22)
Sending msg to client play-fork-run-c08c7093-a2d3-46cd-80b5-02ce8ad20022: DetachedLogEvent(LogMessage(debug,> {file:/D:/Development/soldiers/}root/compile:mainClass))
Sending msg to client play-fork-run-c08c7093-a2d3-46cd-80b5-02ce8ad20022: ExecutionWaiting(23,{file:/D:/Development/soldiers/}root/compile:discoveredMainClasses,ClientInfo(3f799c6c-500a-42e0-9e94-4f4b1c3585b0,activator,Activator,3,Vector()))
Sending msg to client play-fork-run-c08c7093-a2d3-46cd-80b5-02ce8ad20022: DetachedLogEvent(LogMessage(debug,Evaluating tasks: compile:mainClass))
Sending msg to client play-fork-run-c08c7093-a2d3-46cd-80b5-02ce8ad20022: DetachedLogEvent(LogMessage(debug,Running task... Cancel: sbt.server.ServerTaskCancellation@53464e2e, check cycles: false))
Sending msg to client play-fork-run-c08c7093-a2d3-46cd-80b5-02ce8ad20022: DetachedLogEvent(LogMessage(debug,cancel strategy start enabled=true lastCommand=Some(LastCommand(CommandExecutionWork(ExecutionId(22),{file:/D:/Development/soldiers/}root/compile:mainClass,Set(LiveClient(activator 3f799c6c-500a-42e0-9e94-4f4b1c3585b0)),sbt.server.WorkCancellationStatus$$anon$1@7f836d81)))))
Sending msg to client play-fork-run-c08c7093-a2d3-46cd-80b5-02ce8ad20022: TaskStarted(22,2615,Some(AttributeKey[scala.Option[java.lang.String]]("mainClass") in Scope(Build: file:/D:/Development/soldiers/, , Project: ProjectReference(file:/D:/Development/soldiers/,root), Config: compile)))
Sending msg to client play-fork-run-c08c7093-a2d3-46cd-80b5-02ce8ad20022: TaskFinished(22,2615,Some(AttributeKey[scala.Option[java.lang.String]]("mainClass") in Scope(Build: file:/D:/Development/soldiers/, , Project: ProjectReference(file:/D:/Development/soldiers/,root), Config: compile)),true,None)
Sending msg to client play-fork-run-c08c7093-a2d3-46cd-80b5-02ce8ad20022: TaskStarted(22,2614,None)
Sending msg to client play-fork-run-c08c7093-a2d3-46cd-80b5-02ce8ad20022: TaskFinished(22,2614,None,true,None)
Sending msg to client play-fork-run-c08c7093-a2d3-46cd-80b5-02ce8ad20022: TaskStarted(22,2613,None)
Sending msg to client play-fork-run-c08c7093-a2d3-46cd-80b5-02ce8ad20022: TaskFinished(22,2613,None,true,None)
Sending msg to client play-fork-run-c08c7093-a2d3-46cd-80b5-02ce8ad20022: DetachedLogEvent(LogMessage(debug,cancel strategy finish enabled=false lastCommand=Some(LastCommand(CommandExecutionWork(ExecutionId(22),{file:/D:/Development/soldiers/}root/compile:mainClass,Set(LiveClient(activator 3f799c6c-500a-42e0-9e94-4f4b1c3585b0)),sbt.server.WorkCancellationStatus$$anon$1@7f836d81)))))
Sending msg to client play-fork-run-c08c7093-a2d3-46cd-80b5-02ce8ad20022: DetachedLogEvent(LogSuccess(Total time: 0 s, completed Jan 25, 2017 7:42:24 PM))
Sending msg to client play-fork-run-c08c7093-a2d3-46cd-80b5-02ce8ad20022: DetachedLogEvent(LogMessage(debug,> server-post-command-cleanup))
Sending msg to client play-fork-run-c08c7093-a2d3-46cd-80b5-02ce8ad20022: ExecutionSuccess(22)
Sending msg to client play-fork-run-c08c7093-a2d3-46cd-80b5-02ce8ad20022: DetachedLogEvent(LogMessage(debug,> server-handle-next-server-request))
Sending msg to client play-fork-run-c08c7093-a2d3-46cd-80b5-02ce8ad20022: ExecutionStarting(23)
Sending msg to client play-fork-run-c08c7093-a2d3-46cd-80b5-02ce8ad20022: DetachedLogEvent(LogMessage(debug,> {file:/D:/Development/soldiers/}root/compile:discoveredMainClasses))
Sending msg to client play-fork-run-c08c7093-a2d3-46cd-80b5-02ce8ad20022: DetachedLogEvent(LogMessage(debug,Evaluating tasks: compile:discoveredMainClasses))
Sending msg to client play-fork-run-c08c7093-a2d3-46cd-80b5-02ce8ad20022: DetachedLogEvent(LogMessage(debug,Running task... Cancel: sbt.server.ServerTaskCancellation@35c5a885, check cycles: false))
Sending msg to client play-fork-run-c08c7093-a2d3-46cd-80b5-02ce8ad20022: DetachedLogEvent(LogMessage(debug,cancel strategy start enabled=true lastCommand=Some(LastCommand(CommandExecutionWork(ExecutionId(23),{file:/D:/Development/soldiers/}root/compile:discoveredMainClasses,Set(LiveClient(activator 3f799c6c-500a-42e0-9e94-4f4b1c3585b0)),sbt.server.WorkCancellationStatus$$anon$1@16847d46)))))
Sending msg to client play-fork-run-c08c7093-a2d3-46cd-80b5-02ce8ad20022: TaskStarted(23,2625,None)
Sending msg to client play-fork-run-c08c7093-a2d3-46cd-80b5-02ce8ad20022: TaskStarted(23,2633,None)
Sending msg to client play-fork-run-c08c7093-a2d3-46cd-80b5-02ce8ad20022: TaskStarted(23,2635,None)
Sending msg to client play-fork-run-c08c7093-a2d3-46cd-80b5-02ce8ad20022: TaskStarted(23,2647,Some(AttributeKey[scala.Option[scala.collection.Seq[sbt.Resolver]]]("bootResolvers") in Scope(Build: file:/D:/Development/soldiers/, , Project: ProjectReference(file:/D:/Development/soldiers/,root))))
Sending msg to client play-fork-run-c08c7093-a2d3-46cd-80b5-02ce8ad20022: TaskStarted(23,2648,Some(AttributeKey[scala.collection.Seq[sbt.Resolver]]("externalResolvers") in Scope(Build: file:/D:/Development/soldiers/, , Project: ProjectReference(file:/D:/Development/soldiers/,root))))
Sending msg to client play-fork-run-c08c7093-a2d3-46cd-80b5-02ce8ad20022: TaskStarted(23,2650,Some(AttributeKey[scala.collection.Seq[sbt.Credentials]]("credentials") in Scope(Global)))
Sending msg to client play-fork-run-c08c7093-a2d3-46cd-80b5-02ce8ad20022: TaskStarted(23,2657,Some(AttributeKey[java.lang.String]("updateCacheName") in Scope(Build: file:/D:/Development/soldiers/, , Project: ProjectReference(file:/D:/Development/soldiers/,root))))
Sending msg to client play-fork-run-c08c7093-a2d3-46cd-80b5-02ce8ad20022: TaskStarted(23,2658,None)
Sending msg to client play-fork-run-c08c7093-a2d3-46cd-80b5-02ce8ad20022: TaskStarted(23,2661,None)
Sending msg to client play-fork-run-c08c7093-a2d3-46cd-80b5-02ce8ad20022: TaskStarted(23,2662,None)
Sending msg to client play-fork-run-c08c7093-a2d3-46cd-80b5-02ce8ad20022: TaskStarted(23,2663,Some(AttributeKey[boolean]("skip") in Scope(Global)))
Sending msg to client play-fork-run-c08c7093-a2d3-46cd-80b5-02ce8ad20022: TaskStarted(23,2665,None)
Sending msg to client play-fork-run-c08c7093-a2d3-46cd-80b5-02ce8ad20022: TaskStarted(23,2677,Some(AttributeKey[sbt.inc.IncOptions]("incOptions") in Scope(Global)))
Sending msg to client play-fork-run-c08c7093-a2d3-46cd-80b5-02ce8ad20022: TaskStarted(23,2679,Some(AttributeKey[scala.Function1[java.io.File,scala.Function1[java.lang.String,boolean]]]("definesClass") in Scope(Global)))
Sending msg to client play-fork-run-c08c7093-a2d3-46cd-80b5-02ce8ad20022: TaskStarted(23,2680,Some(AttributeKey[java.lang.String]("compileAnalysisFilename") in Scope(Build: file:/D:/Development/soldiers/, , Project: ProjectReference(file:/D:/Development/soldiers/,root), Config: compile)))
Sending msg to client play-fork-run-c08c7093-a2d3-46cd-80b5-02ce8ad20022: TaskStarted(23,2683,None)
Sending msg to client play-fork-run-c08c7093-a2d3-46cd-80b5-02ce8ad20022: TaskStarted(23,2684,Some(AttributeKey[scala.collection.Seq[java.lang.String]]("javacOptions") in Scope(Global)))
Sending msg to client play-fork-run-c08c7093-a2d3-46cd-80b5-02ce8ad20022: TaskStarted(23,2688,Some(AttributeKey[scala.collection.Seq[java.lang.String]]("scalacOptions") in Scope(Global)))
Sending msg to client play-fork-run-c08c7093-a2d3-46cd-80b5-02ce8ad20022: TaskStarted(23,2689,None)
Sending msg to client play-fork-run-c08c7093-a2d3-46cd-80b5-02ce8ad20022: TaskStarted(23,2691,None)
Sending msg to client play-fork-run-c08c7093-a2d3-46cd-80b5-02ce8ad20022: TaskStarted(23,2695,Some(AttributeKey[scala.collection.Seq[scala.Function1[xsbti.Position,scala.Option[xsbti.Position]]]]("sourcePositionMappers") in Scope(Global)))
Sending msg to client play-fork-run-c08c7093-a2d3-46cd-80b5-02ce8ad20022: TaskStarted(23,2698,None)
Sending msg to client play-fork-run-c08c7093-a2d3-46cd-80b5-02ce8ad20022: TaskStarted(23,2702,Some(AttributeKey[scala.collection.Seq[java.io.File]]("unmanagedSources") in Scope(Build: file:/D:/Development/soldiers/, , Project: ProjectReference(file:/D:/Development/soldiers/,root), Config: compile)))
Sending msg to client play-fork-run-c08c7093-a2d3-46cd-80b5-02ce8ad20022: TaskStarted(23,2712,Some(AttributeKey[scala.collection.Seq[java.io.File]]("sources") in Scope(Build: file:/D:/Development/soldiers/, , Project: ProjectReference(file:/D:/Development/soldiers/,root), Config: compile, Task: AttributeKey[scala.collection.Seq[java.io.File]]("playRoutes"))))
Sending msg to client play-fork-run-c08c7093-a2d3-46cd-80b5-02ce8ad20022: TaskStarted(23,2713,None)
Sending msg to client play-fork-run-c08c7093-a2d3-46cd-80b5-02ce8ad20022: TaskStarted(23,2718,Some(AttributeKey[sbt.SendEventService]("sendEventService") in Scope(Global)))
Sending msg to client play-fork-run-c08c7093-a2d3-46cd-80b5-02ce8ad20022: TaskFinished(23,2635,None,true,None)
Sending msg to client play-fork-run-c08c7093-a2d3-46cd-80b5-02ce8ad20022: TaskFinished(23,2647,Some(AttributeKey[scala.Option[scala.collection.Seq[sbt.Resolver]]]("bootResolvers") in Scope(Build: file:/D:/Development/soldiers/, , Project: ProjectReference(file:/D:/Development/soldiers/,root))),true,None)
Sending msg to client play-fork-run-c08c7093-a2d3-46cd-80b5-02ce8ad20022: TaskFinished(23,2650,Some(AttributeKey[scala.collection.Seq[sbt.Credentials]]("credentials") in Scope(Global)),true,None)
Sending msg to client play-fork-run-c08c7093-a2d3-46cd-80b5-02ce8ad20022: TaskFinished(23,2633,None,true,None)
Sending msg to client play-fork-run-c08c7093-a2d3-46cd-80b5-02ce8ad20022: TaskStarted(23,2632,Some(AttributeKey[sbt.BuildStructure]("buildStructure") in Scope(Global)))
Sending msg to client play-fork-run-c08c7093-a2d3-46cd-80b5-02ce8ad20022: TaskStarted(23,2659,Some(AttributeKey[java.io.File]("dependencyCacheDirectory") in Scope(Build: file:/D:/Development/soldiers/, , Project: ProjectReference(file:/D:/Development/soldiers/,root))))
Sending msg to client play-fork-run-c08c7093-a2d3-46cd-80b5-02ce8ad20022: TaskStarted(23,2678,Some(AttributeKey[xsbti.compile.GlobalsCache]("compilerCache") in Scope(Global)))
Sending msg to client play-fork-run-c08c7093-a2d3-46cd-80b5-02ce8ad20022: TaskFinished(23,2657,Some(AttributeKey[java.lang.String]("updateCacheName") in Scope(Build: file:/D:/Development/soldiers/, , Project: ProjectReference(file:/D:/Development/soldiers/,root))),true,None)
Sending msg to client play-fork-run-c08c7093-a2d3-46cd-80b5-02ce8ad20022: TaskFinished(23,2625,None,true,None)
Sending msg to client play-fork-run-c08c7093-a2d3-46cd-80b5-02ce8ad20022: TaskStarted(23,2624,None)
Sending msg to client play-fork-run-c08c7093-a2d3-46cd-80b5-02ce8ad20022: TaskStarted(23,2627,None)
Sending msg to client play-fork-run-c08c7093-a2d3-46cd-80b5-02ce8ad20022: TaskStarted(23,2637,None)
Sending msg to client play-fork-run-c08c7093-a2d3-46cd-80b5-02ce8ad20022: TaskStarted(23,2641,None)
Sending msg to client play-fork-run-c08c7093-a2d3-46cd-80b5-02ce8ad20022: TaskStarted(23,2646,None)
Sending msg to client play-fork-run-c08c7093-a2d3-46cd-80b5-02ce8ad20022: TaskStarted(23,2649,None)
Sending msg to client play-fork-run-c08c7093-a2d3-46cd-80b5-02ce8ad20022: TaskStarted(23,2656,None)
Sending msg to client play-fork-run-c08c7093-a2d3-46cd-80b5-02ce8ad20022: TaskStarted(23,2666,None)
Sending msg to client play-fork-run-c08c7093-a2d3-46cd-80b5-02ce8ad20022: TaskStarted(23,2668,None)
Sending msg to client play-fork-run-c08c7093-a2d3-46cd-80b5-02ce8ad20022: TaskStarted(23,2671,None)
Sending msg to client play-fork-run-c08c7093-a2d3-46cd-80b5-02ce8ad20022: TaskStarted(23,2674,None)
Sending msg to client play-fork-run-c08c7093-a2d3-46cd-80b5-02ce8ad20022: TaskStarted(23,2699,None)
Sending msg to client play-fork-run-c08c7093-a2d3-46cd-80b5-02ce8ad20022: TaskStarted(23,2707,None)
Sending msg to client play-fork-run-c08c7093-a2d3-46cd-80b5-02ce8ad20022: TaskStarted(23,2714,None)
Sending msg to client play-fork-run-c08c7093-a2d3-46cd-80b5-02ce8ad20022: TaskStarted(23,2715,None)
Sending msg to client play-fork-run-c08c7093-a2d3-46cd-80b5-02ce8ad20022: TaskStarted(23,2717,None)
Sending msg to client play-fork-run-c08c7093-a2d3-46cd-80b5-02ce8ad20022: TaskStarted(23,2719,None)
Sending msg to client play-fork-run-c08c7093-a2d3-46cd-80b5-02ce8ad20022: TaskFinished(23,2658,None,true,None)
Sending msg to client play-fork-run-c08c7093-a2d3-46cd-80b5-02ce8ad20022: TaskFinished(23,2661,None,true,None)
Sending msg to client play-fork-run-c08c7093-a2d3-46cd-80b5-02ce8ad20022: TaskFinished(23,2662,None,true,None)
Sending msg to client play-fork-run-c08c7093-a2d3-46cd-80b5-02ce8ad20022: TaskStarted(23,2660,Some(AttributeKey[scala.collection.Seq[sbt.UpdateReport]]("transitiveUpdate") in Scope(Build: file:/D:/Development/soldiers/, , Project: ProjectReference(file:/D:/Development/soldiers/,root))))
Sending msg to client play-fork-run-c08c7093-a2d3-46cd-80b5-02ce8ad20022: TaskFinished(23,2663,Some(AttributeKey[boolean]("skip") in Scope(Global)),true,None)
Sending msg to client play-fork-run-c08c7093-a2d3-46cd-80b5-02ce8ad20022: TaskFinished(23,2665,None,true,None)
Sending msg to client play-fork-run-c08c7093-a2d3-46cd-80b5-02ce8ad20022: TaskFinished(23,2648,Some(AttributeKey[scala.collection.Seq[sbt.Resolver]]("externalResolvers") in Scope(Build: file:/D:/Development/soldiers/, , Project: ProjectReference(file:/D:/Development/soldiers/,root))),true,None)
Sending msg to client play-fork-run-c08c7093-a2d3-46cd-80b5-02ce8ad20022: TaskFinished(23,2677,Some(AttributeKey[sbt.inc.IncOptions]("incOptions") in Scope(Global)),true,None)
Sending msg to client play-fork-run-c08c7093-a2d3-46cd-80b5-02ce8ad20022: TaskStarted(23,2676,Some(AttributeKey[sbt.inc.IncOptions]("incOptions") in Scope(Build: file:/D:/Development/soldiers/, , Project: ProjectReference(file:/D:/Development/soldiers/,root))))
Sending msg to client play-fork-run-c08c7093-a2d3-46cd-80b5-02ce8ad20022: TaskFinished(23,2679,Some(AttributeKey[scala.Function1[java.io.File,scala.Function1[java.lang.String,boolean]]]("definesClass") in Scope(Global)),true,None)
Sending msg to client play-fork-run-c08c7093-a2d3-46cd-80b5-02ce8ad20022: TaskFinished(23,2680,Some(AttributeKey[java.lang.String]("compileAnalysisFilename") in Scope(Build: file:/D:/Development/soldiers/, , Project: ProjectReference(file:/D:/Development/soldiers/,root), Config: compile)),true,None)
Sending msg to client play-fork-run-c08c7093-a2d3-46cd-80b5-02ce8ad20022: TaskFinished(23,2683,None,true,None)
Sending msg to client play-fork-run-c08c7093-a2d3-46cd-80b5-02ce8ad20022: TaskFinished(23,2684,Some(AttributeKey[scala.collection.Seq[java.lang.String]]("javacOptions") in Scope(Global)),true,None)
Sending msg to client play-fork-run-c08c7093-a2d3-46cd-80b5-02ce8ad20022: TaskStarted(23,2682,Some(AttributeKey[scala.collection.Seq[java.lang.String]]("javacOptions") in Scope(Build: file:/D:/Development/soldiers/, , Project: ProjectReference(file:/D:/Development/soldiers/,root), Config: compile)))
Sending msg to client play-fork-run-c08c7093-a2d3-46cd-80b5-02ce8ad20022: TaskFinished(23,2688,Some(AttributeKey[scala.collection.Seq[java.lang.String]]("scalacOptions") in Scope(Global)),true,None)
Sending msg to client play-fork-run-c08c7093-a2d3-46cd-80b5-02ce8ad20022: TaskFinished(23,2689,None,true,None)
Sending msg to client play-fork-run-c08c7093-a2d3-46cd-80b5-02ce8ad20022: TaskStarted(23,2687,Some(AttributeKey[scala.collection.Seq[java.lang.String]]("scalacOptions") in Scope(Build: file:/D:/Development/soldiers/, , Project: ProjectReference(file:/D:/Development/soldiers/,root))))
Sending msg to client play-fork-run-c08c7093-a2d3-46cd-80b5-02ce8ad20022: TaskFinished(23,2691,None,true,None)
Sending msg to client play-fork-run-c08c7093-a2d3-46cd-80b5-02ce8ad20022: TaskFinished(23,2695,Some(AttributeKey[scala.collection.Seq[scala.Function1[xsbti.Position,scala.Option[xsbti.Position]]]]("sourcePositionMappers") in Scope(Global)),true,None)
Sending msg to client play-fork-run-c08c7093-a2d3-46cd-80b5-02ce8ad20022: TaskFinished(23,2698,None,true,None)
Sending msg to client play-fork-run-c08c7093-a2d3-46cd-80b5-02ce8ad20022: TaskFinished(23,2712,Some(AttributeKey[scala.collection.Seq[java.io.File]]("sources") in Scope(Build: file:/D:/Development/soldiers/, , Project: ProjectReference(file:/D:/Development/soldiers/,root), Config: compile, Task: AttributeKey[scala.collection.Seq[java.io.File]]("playRoutes"))),true,None)
Sending msg to client play-fork-run-c08c7093-a2d3-46cd-80b5-02ce8ad20022: TaskFinished(23,2713,None,true,None)
Sending msg to client play-fork-run-c08c7093-a2d3-46cd-80b5-02ce8ad20022: TaskStarted(23,2711,Some(AttributeKey[scala.collection.Seq[java.io.File]]("sources") in Scope(Build: file:/D:/Development/soldiers/, , Project: ProjectReference(file:/D:/Development/soldiers/,root), Config: compile, Task: AttributeKey[scala.collection.Seq[java.io.File]]("playRoutes"))))
Sending msg to client play-fork-run-c08c7093-a2d3-46cd-80b5-02ce8ad20022: TaskFinished(23,2718,Some(AttributeKey[sbt.SendEventService]("sendEventService") in Scope(Global)),true,None)
Sending msg to client play-fork-run-c08c7093-a2d3-46cd-80b5-02ce8ad20022: TaskFinished(23,2632,Some(AttributeKey[sbt.BuildStructure]("buildStructure") in Scope(Global)),true,None)
Sending msg to client play-fork-run-c08c7093-a2d3-46cd-80b5-02ce8ad20022: TaskStarted(23,2631,Some(AttributeKey[sbt.Settings[sbt.Scope]]("settingsData") in Scope(Global)))
Sending msg to client play-fork-run-c08c7093-a2d3-46cd-80b5-02ce8ad20022: TaskFinished(23,2678,Some(AttributeKey[xsbti.compile.GlobalsCache]("compilerCache") in Scope(Global)),true,None)
Sending msg to client play-fork-run-c08c7093-a2d3-46cd-80b5-02ce8ad20022: TaskFinished(23,2659,Some(AttributeKey[java.io.File]("dependencyCacheDirectory") in Scope(Build: file:/D:/Development/soldiers/, , Project: ProjectReference(file:/D:/Development/soldiers/,root))),true,None)
Sending msg to client play-fork-run-c08c7093-a2d3-46cd-80b5-02ce8ad20022: TaskFinished(23,2624,None,true,None)
Sending msg to client play-fork-run-c08c7093-a2d3-46cd-80b5-02ce8ad20022: TaskFinished(23,2627,None,true,None)
Sending msg to client play-fork-run-c08c7093-a2d3-46cd-80b5-02ce8ad20022: TaskFinished(23,2637,None,true,None)
Sending msg to client play-fork-run-c08c7093-a2d3-46cd-80b5-02ce8ad20022: TaskFinished(23,2641,None,true,None)
Sending msg to client play-fork-run-c08c7093-a2d3-46cd-80b5-02ce8ad20022: TaskFinished(23,2646,None,true,None)
Sending msg to client play-fork-run-c08c7093-a2d3-46cd-80b5-02ce8ad20022: TaskFinished(23,2649,None,true,None)
Sending msg to client play-fork-run-c08c7093-a2d3-46cd-80b5-02ce8ad20022: TaskFinished(23,2656,None,true,None)
Sending msg to client play-fork-run-c08c7093-a2d3-46cd-80b5-02ce8ad20022: TaskStarted(23,2655,Some(AttributeKey[scala.collection.immutable.Map[sbt.ModuleID,sbt.SourcePosition]]("dependencyPositions") in Scope(Build: file:/D:/Development/soldiers/, , Project: ProjectReference(file:/D:/Development/soldiers/,root))))
Sending msg to client play-fork-run-c08c7093-a2d3-46cd-80b5-02ce8ad20022: TaskFinished(23,2666,None,true,None)
Sending msg to client play-fork-run-c08c7093-a2d3-46cd-80b5-02ce8ad20022: TaskFinished(23,2668,None,true,None)
Sending msg to client play-fork-run-c08c7093-a2d3-46cd-80b5-02ce8ad20022: TaskFinished(23,2671,None,true,None)
Sending msg to client play-fork-run-c08c7093-a2d3-46cd-80b5-02ce8ad20022: TaskFinished(23,2674,None,true,None)
Sending msg to client play-fork-run-c08c7093-a2d3-46cd-80b5-02ce8ad20022: TaskFinished(23,2699,None,true,None)
Sending msg to client play-fork-run-c08c7093-a2d3-46cd-80b5-02ce8ad20022: TaskFinished(23,2707,None,true,None)
Sending msg to client play-fork-run-c08c7093-a2d3-46cd-80b5-02ce8ad20022: TaskFinished(23,2714,None,true,None)
Sending msg to client play-fork-run-c08c7093-a2d3-46cd-80b5-02ce8ad20022: TaskFinished(23,2715,None,true,None)
Sending msg to client play-fork-run-c08c7093-a2d3-46cd-80b5-02ce8ad20022: TaskFinished(23,2717,None,true,None)
Sending msg to client play-fork-run-c08c7093-a2d3-46cd-80b5-02ce8ad20022: TaskFinished(23,2719,None,true,None)
Sending msg to client play-fork-run-c08c7093-a2d3-46cd-80b5-02ce8ad20022: TaskFinished(23,2660,Some(AttributeKey[scala.collection.Seq[sbt.UpdateReport]]("transitiveUpdate") in Scope(Build: file:/D:/Development/soldiers/, , Project: ProjectReference(file:/D:/Development/soldiers/,root))),true,None)
Sending msg to client play-fork-run-c08c7093-a2d3-46cd-80b5-02ce8ad20022: TaskFinished(23,2676,Some(AttributeKey[sbt.inc.IncOptions]("incOptions") in Scope(Build: file:/D:/Development/soldiers/, , Project: ProjectReference(file:/D:/Development/soldiers/,root))),true,None)
Sending msg to client play-fork-run-c08c7093-a2d3-46cd-80b5-02ce8ad20022: TaskFinished(23,2682,Some(AttributeKey[scala.collection.Seq[java.lang.String]]("javacOptions") in Scope(Build: file:/D:/Development/soldiers/, , Project: ProjectReference(file:/D:/Development/soldiers/,root), Config: compile)),true,None)
Sending msg to client play-fork-run-c08c7093-a2d3-46cd-80b5-02ce8ad20022: TaskFinished(23,2702,Some(AttributeKey[scala.collection.Seq[java.io.File]]("unmanagedSources") in Scope(Build: file:/D:/Development/soldiers/, , Project: ProjectReference(file:/D:/Development/soldiers/,root), Config: compile)),true,None)
Sending msg to client play-fork-run-c08c7093-a2d3-46cd-80b5-02ce8ad20022: TaskStarted(23,2701,Some(AttributeKey[scala.collection.Seq[java.io.File]]("unmanagedSources") in Scope(Build: file:/D:/Development/soldiers/, , Project: ProjectReference(file:/D:/Development/soldiers/,root), Config: compile)))
Sending msg to client play-fork-run-c08c7093-a2d3-46cd-80b5-02ce8ad20022: TaskFinished(23,2687,Some(AttributeKey[scala.collection.Seq[java.lang.String]]("scalacOptions") in Scope(Build: file:/D:/Development/soldiers/, , Project: ProjectReference(file:/D:/Development/soldiers/,root))),true,None)
Sending msg to client play-fork-run-c08c7093-a2d3-46cd-80b5-02ce8ad20022: TaskStarted(23,2694,Some(AttributeKey[java.lang.String]("twirlSourceEncoding") in Scope(Build: file:/D:/Development/soldiers/, , Project: ProjectReference(file:/D:/Development/soldiers/,root))))
Sending msg to client play-fork-run-c08c7093-a2d3-46cd-80b5-02ce8ad20022: TaskFinished(23,2711,Some(AttributeKey[scala.collection.Seq[java.io.File]]("sources") in Scope(Build: file:/D:/Development/soldiers/, , Project: ProjectReference(file:/D:/Development/soldiers/,root), Config: compile, Task: AttributeKey[scala.collection.Seq[java.io.File]]("playRoutes"))),true,None)
Sending msg to client play-fork-run-c08c7093-a2d3-46cd-80b5-02ce8ad20022: TaskStarted(23,2710,None)
Sending msg to client play-fork-run-c08c7093-a2d3-46cd-80b5-02ce8ad20022: TaskFinished(23,2631,Some(AttributeKey[sbt.Settings[sbt.Scope]]("settingsData") in Scope(Global)),true,None)
Sending msg to client play-fork-run-c08c7093-a2d3-46cd-80b5-02ce8ad20022: TaskStarted(23,2645,Some(AttributeKey[scala.collection.immutable.Map[org.apache.ivy.core.module.id.ModuleRevisionId,org.apache.ivy.core.module.descriptor.ModuleDescriptor]]("projectDescriptors") in Scope(Build: file:/D:/Development/soldiers/, , Project: ProjectReference(file:/D:/Development/soldiers/,root))))
Sending msg to client play-fork-run-c08c7093-a2d3-46cd-80b5-02ce8ad20022: TaskStarted(23,2653,Some(AttributeKey[scala.collection.Seq[sbt.ModuleID]]("projectDependencies") in Scope(Build: file:/D:/Development/soldiers/, , Project: ProjectReference(file:/D:/Development/soldiers/,root))))
Sending msg to client play-fork-run-c08c7093-a2d3-46cd-80b5-02ce8ad20022: TaskStarted(23,2664,None)
Sending msg to client play-fork-run-c08c7093-a2d3-46cd-80b5-02ce8ad20022: TaskStarted(23,2672,None)
Sending msg to client play-fork-run-c08c7093-a2d3-46cd-80b5-02ce8ad20022: TaskStarted(23,2686,None)
Sending msg to client play-fork-run-c08c7093-a2d3-46cd-80b5-02ce8ad20022: TaskStarted(23,2697,Some(AttributeKey[sbt.ScalaInstance]("scalaInstance") in Scope(Build: file:/D:/Development/soldiers/, , Project: ProjectReference(file:/D:/Development/soldiers/,root))))
Sending msg to client play-fork-run-c08c7093-a2d3-46cd-80b5-02ce8ad20022: TaskFinished(23,2701,Some(AttributeKey[scala.collection.Seq[java.io.File]]("unmanagedSources") in Scope(Build: file:/D:/Development/soldiers/, , Project: ProjectReference(file:/D:/Development/soldiers/,root), Config: compile)),true,None)
Sending msg to client play-fork-run-c08c7093-a2d3-46cd-80b5-02ce8ad20022: TaskFinished(23,2694,Some(AttributeKey[java.lang.String]("twirlSourceEncoding") in Scope(Build: file:/D:/Development/soldiers/, , Project: ProjectReference(file:/D:/Development/soldiers/,root))),true,None)
Sending msg to client play-fork-run-c08c7093-a2d3-46cd-80b5-02ce8ad20022: TaskStarted(23,2693,None)
Sending msg to client play-fork-run-c08c7093-a2d3-46cd-80b5-02ce8ad20022: TaskStarted(23,2706,None)
Sending msg to client play-fork-run-c08c7093-a2d3-46cd-80b5-02ce8ad20022: TaskFinished(23,2710,None,true,None)
Sending msg to client play-fork-run-c08c7093-a2d3-46cd-80b5-02ce8ad20022: TaskStarted(23,2709,Some(AttributeKey[scala.collection.Seq[play.routes.compiler.RoutesCompiler$RoutesCompilerTask]]("playRoutesTasks") in Scope(Build: file:/D:/Development/soldiers/, , Project: ProjectReference(file:/D:/Development/soldiers/,root), Config: compile)))
Sending msg to client play-fork-run-c08c7093-a2d3-46cd-80b5-02ce8ad20022: TaskStarted(23,2721,None)
Sending msg to client play-fork-run-c08c7093-a2d3-46cd-80b5-02ce8ad20022: TaskFinished(23,2653,Some(AttributeKey[scala.collection.Seq[sbt.ModuleID]]("projectDependencies") in Scope(Build: file:/D:/Development/soldiers/, , Project: ProjectReference(file:/D:/Development/soldiers/,root))),true,None)
Sending msg to client play-fork-run-c08c7093-a2d3-46cd-80b5-02ce8ad20022: TaskStarted(23,2652,Some(AttributeKey[scala.collection.Seq[sbt.ModuleID]]("allDependencies") in Scope(Build: file:/D:/Development/soldiers/, , Project: ProjectReference(file:/D:/Development/soldiers/,root))))
Sending msg to client play-fork-run-c08c7093-a2d3-46cd-80b5-02ce8ad20022: TaskStarted(23,2722,None)
Sending msg to client play-fork-run-c08c7093-a2d3-46cd-80b5-02ce8ad20022: TaskStarted(23,2727,None)
Sending msg to client play-fork-run-c08c7093-a2d3-46cd-80b5-02ce8ad20022: TaskStarted(23,2729,None)
Sending msg to client play-fork-run-c08c7093-a2d3-46cd-80b5-02ce8ad20022: TaskStarted(23,2730,None)
Sending msg to client play-fork-run-c08c7093-a2d3-46cd-80b5-02ce8ad20022: TaskStarted(23,2732,None)
Sending msg to client play-fork-run-c08c7093-a2d3-46cd-80b5-02ce8ad20022: TaskFinished(23,2655,Some(AttributeKey[scala.collection.immutable.Map[sbt.ModuleID,sbt.SourcePosition]]("dependencyPositions") in Scope(Build: file:/D:/Development/soldiers/, , Project: ProjectReference(file:/D:/Development/soldiers/,root))),true,None)
Sending msg to client play-fork-run-c08c7093-a2d3-46cd-80b5-02ce8ad20022: TaskStarted(23,2654,Some(AttributeKey[sbt.UnresolvedWarningConfiguration]("unresolvedWarningConfiguration") in Scope(Build: file:/D:/Development/soldiers/, , Project: ProjectReference(file:/D:/Development/soldiers/,root), Task: AttributeKey[sbt.UpdateReport]("update"))))
Sending msg to client play-fork-run-c08c7093-a2d3-46cd-80b5-02ce8ad20022: TaskFinished(23,2693,None,true,None)
Sending msg to client play-fork-run-c08c7093-a2d3-46cd-80b5-02ce8ad20022: TaskStarted(23,2692,Some(AttributeKey[scala.collection.Seq[scala.Function1[xsbti.Position,scala.Option[xsbti.Position]]]]("sourcePositionMappers") in Scope(Build: file:/D:/Development/soldiers/, , Project: ProjectReference(file:/D:/Development/soldiers/,root))))
Sending msg to client play-fork-run-c08c7093-a2d3-46cd-80b5-02ce8ad20022: TaskStarted(23,2735,None)
Sending msg to client play-fork-run-c08c7093-a2d3-46cd-80b5-02ce8ad20022: TaskFinished(23,2721,None,true,None)
Sending msg to client play-fork-run-c08c7093-a2d3-46cd-80b5-02ce8ad20022: TaskStarted(23,2720,None)
Sending msg to client play-fork-run-c08c7093-a2d3-46cd-80b5-02ce8ad20022: TaskFinished(23,2652,Some(AttributeKey[scala.collection.Seq[sbt.ModuleID]]("allDependencies") in Scope(Build: file:/D:/Development/soldiers/, , Project: ProjectReference(file:/D:/Development/soldiers/,root))),true,None)
Sending msg to client play-fork-run-c08c7093-a2d3-46cd-80b5-02ce8ad20022: TaskStarted(23,2651,Some(AttributeKey[sbt.ModuleSettings]("moduleSettings") in Scope(Build: file:/D:/Development/soldiers/, , Project: ProjectReference(file:/D:/Development/soldiers/,root))))
Sending msg to client play-fork-run-c08c7093-a2d3-46cd-80b5-02ce8ad20022: TaskFinished(23,2722,None,true,None)
Sending msg to client play-fork-run-c08c7093-a2d3-46cd-80b5-02ce8ad20022: TaskFinished(23,2664,None,true,None)
Sending msg to client play-fork-run-c08c7093-a2d3-46cd-80b5-02ce8ad20022: TaskFinished(23,2727,None,true,None)
Sending msg to client play-fork-run-c08c7093-a2d3-46cd-80b5-02ce8ad20022: TaskStarted(23,2726,None)
Sending msg to client play-fork-run-c08c7093-a2d3-46cd-80b5-02ce8ad20022: TaskFinished(23,2729,None,true,None)
Sending msg to client play-fork-run-c08c7093-a2d3-46cd-80b5-02ce8ad20022: TaskFinished(23,2730,None,true,None)
Sending msg to client play-fork-run-c08c7093-a2d3-46cd-80b5-02ce8ad20022: TaskStarted(23,2728,Some(AttributeKey[scala.collection.Seq[sbt.Attributed[java.io.File]]]("unmanagedJars") in Scope(Build: file:/D:/Development/soldiers/, , Project: ProjectReference(file:/D:/Development/soldiers/,root), Config: compile)))
Sending msg to client play-fork-run-c08c7093-a2d3-46cd-80b5-02ce8ad20022: TaskFinished(23,2732,None,true,None)
Sending msg to client play-fork-run-c08c7093-a2d3-46cd-80b5-02ce8ad20022: TaskStarted(23,2731,None)
Sending msg to client play-fork-run-c08c7093-a2d3-46cd-80b5-02ce8ad20022: TaskFinished(23,2654,Some(AttributeKey[sbt.UnresolvedWarningConfiguration]("unresolvedWarningConfiguration") in Scope(Build: file:/D:/Development/soldiers/, , Project: ProjectReference(file:/D:/Development/soldiers/,root), Task: AttributeKey[sbt.UpdateReport]("update"))),true,None)
Sending msg to client play-fork-run-c08c7093-a2d3-46cd-80b5-02ce8ad20022: TaskFinished(23,2692,Some(AttributeKey[scala.collection.Seq[scala.Function1[xsbti.Position,scala.Option[xsbti.Position]]]]("sourcePositionMappers") in Scope(Build: file:/D:/Development/soldiers/, , Project: ProjectReference(file:/D:/Development/soldiers/,root))),true,None)
Sending msg to client play-fork-run-c08c7093-a2d3-46cd-80b5-02ce8ad20022: TaskStarted(23,2690,Some(AttributeKey[scala.collection.Seq[scala.Function1[xsbti.Position,scala.Option[xsbti.Position]]]]("sourcePositionMappers") in Scope(Build: file:/D:/Development/soldiers/, , Project: ProjectReference(file:/D:/Development/soldiers/,root))))
Sending msg to client play-fork-run-c08c7093-a2d3-46cd-80b5-02ce8ad20022: TaskFinished(23,2735,None,true,None)
Sending msg to client play-fork-run-c08c7093-a2d3-46cd-80b5-02ce8ad20022: TaskStarted(23,2734,None)
Sending msg to client play-fork-run-c08c7093-a2d3-46cd-80b5-02ce8ad20022: TaskFinished(23,2720,None,true,None)
Sending msg to client play-fork-run-c08c7093-a2d3-46cd-80b5-02ce8ad20022: TaskFinished(23,2645,Some(AttributeKey[scala.collection.immutable.Map[org.apache.ivy.core.module.id.ModuleRevisionId,org.apache.ivy.core.module.descriptor.ModuleDescriptor]]("projectDescriptors") in Scope(Build: file:/D:/Development/soldiers/, , Project: ProjectReference(file:/D:/Development/soldiers/,root))),true,None)
Sending msg to client play-fork-run-c08c7093-a2d3-46cd-80b5-02ce8ad20022: TaskStarted(23,2644,Some(AttributeKey[sbt.Resolver]("projectResolver") in Scope(Build: file:/D:/Development/soldiers/, , Project: ProjectReference(file:/D:/Development/soldiers/,root))))
Sending msg to client play-fork-run-c08c7093-a2d3-46cd-80b5-02ce8ad20022: TaskFinished(23,2651,Some(AttributeKey[sbt.ModuleSettings]("moduleSettings") in Scope(Build: file:/D:/Development/soldiers/, , Project: ProjectReference(file:/D:/Development/soldiers/,root))),true,None)
Sending msg to client play-fork-run-c08c7093-a2d3-46cd-80b5-02ce8ad20022: TaskStarted(23,2736,None)
Sending msg to client play-fork-run-c08c7093-a2d3-46cd-80b5-02ce8ad20022: TaskFinished(23,2728,Some(AttributeKey[scala.collection.Seq[sbt.Attributed[java.io.File]]]("unmanagedJars") in Scope(Build: file:/D:/Development/soldiers/, , Project: ProjectReference(file:/D:/Development/soldiers/,root), Config: compile)),true,None)
Sending msg to client play-fork-run-c08c7093-a2d3-46cd-80b5-02ce8ad20022: TaskFinished(23,2731,None,true,None)
Sending msg to client play-fork-run-c08c7093-a2d3-46cd-80b5-02ce8ad20022: TaskFinished(23,2686,None,true,None)
Sending msg to client play-fork-run-c08c7093-a2d3-46cd-80b5-02ce8ad20022: TaskFinished(23,2690,Some(AttributeKey[scala.collection.Seq[scala.Function1[xsbti.Position,scala.Option[xsbti.Position]]]]("sourcePositionMappers") in Scope(Build: file:/D:/Development/soldiers/, , Project: ProjectReference(file:/D:/Development/soldiers/,root))),true,None)
Sending msg to client play-fork-run-c08c7093-a2d3-46cd-80b5-02ce8ad20022: TaskFinished(23,2734,None,true,None)
Sending msg to client play-fork-run-c08c7093-a2d3-46cd-80b5-02ce8ad20022: TaskFinished(23,2709,Some(AttributeKey[scala.collection.Seq[play.routes.compiler.RoutesCompiler$RoutesCompilerTask]]("playRoutesTasks") in Scope(Build: file:/D:/Development/soldiers/, , Project: ProjectReference(file:/D:/Development/soldiers/,root), Config: compile)),true,None)
Sending msg to client play-fork-run-c08c7093-a2d3-46cd-80b5-02ce8ad20022: TaskStarted(23,2708,Some(AttributeKey[scala.collection.Seq[java.io.File]]("playRoutes") in Scope(Build: file:/D:/Development/soldiers/, , Project: ProjectReference(file:/D:/Development/soldiers/,root), Config: compile)))
Sending msg to client play-fork-run-c08c7093-a2d3-46cd-80b5-02ce8ad20022: TaskFinished(23,2644,Some(AttributeKey[sbt.Resolver]("projectResolver") in Scope(Build: file:/D:/Development/soldiers/, , Project: ProjectReference(file:/D:/Development/soldiers/,root))),true,None)
Sending msg to client play-fork-run-c08c7093-a2d3-46cd-80b5-02ce8ad20022: TaskStarted(23,2643,Some(AttributeKey[scala.collection.Seq[sbt.Resolver]]("fullResolvers") in Scope(Build: file:/D:/Development/soldiers/, , Project: ProjectReference(file:/D:/Development/soldiers/,root))))
Sending msg to client play-fork-run-c08c7093-a2d3-46cd-80b5-02ce8ad20022: TaskFinished(23,2736,None,true,None)
Sending msg to client play-fork-run-c08c7093-a2d3-46cd-80b5-02ce8ad20022: TaskFinished(23,2726,None,true,None)
Sending msg to client play-fork-run-c08c7093-a2d3-46cd-80b5-02ce8ad20022: TaskStarted(23,2725,Some(AttributeKey[scala.collection.Seq[sbt.Attributed[java.io.File]]]("unmanagedJars") in Scope(Build: file:/D:/Development/soldiers/, , Project: ProjectReference(file:/D:/Development/soldiers/,root), Config: compile)))
Sending msg to client play-fork-run-c08c7093-a2d3-46cd-80b5-02ce8ad20022: TaskFinished(23,2643,Some(AttributeKey[scala.collection.Seq[sbt.Resolver]]("fullResolvers") in Scope(Build: file:/D:/Development/soldiers/, , Project: ProjectReference(file:/D:/Development/soldiers/,root))),true,None)
Sending msg to client play-fork-run-c08c7093-a2d3-46cd-80b5-02ce8ad20022: TaskStarted(23,2642,Some(AttributeKey[sbt.IvyConfiguration]("ivyConfiguration") in Scope(Build: file:/D:/Development/soldiers/, , Project: ProjectReference(file:/D:/Development/soldiers/,root))))
Sending msg to client play-fork-run-c08c7093-a2d3-46cd-80b5-02ce8ad20022: TaskFinished(23,2725,Some(AttributeKey[scala.collection.Seq[sbt.Attributed[java.io.File]]]("unmanagedJars") in Scope(Build: file:/D:/Development/soldiers/, , Project: ProjectReference(file:/D:/Development/soldiers/,root), Config: compile)),true,None)
Sending msg to client play-fork-run-c08c7093-a2d3-46cd-80b5-02ce8ad20022: TaskStarted(23,2724,None)
Sending msg to client play-fork-run-c08c7093-a2d3-46cd-80b5-02ce8ad20022: TaskFinished(23,2706,None,true,None)
Sending msg to client play-fork-run-c08c7093-a2d3-46cd-80b5-02ce8ad20022: TaskStarted(23,2705,Some(AttributeKey[scala.collection.Seq[java.io.File]]("twirlCompileTemplates") in Scope(Build: file:/D:/Development/soldiers/, , Project: ProjectReference(file:/D:/Development/soldiers/,root), Config: compile)))
Sending msg to client play-fork-run-c08c7093-a2d3-46cd-80b5-02ce8ad20022: TaskFinished(23,2642,Some(AttributeKey[sbt.IvyConfiguration]("ivyConfiguration") in Scope(Build: file:/D:/Development/soldiers/, , Project: ProjectReference(file:/D:/Development/soldiers/,root))),true,None)
Sending msg to client play-fork-run-c08c7093-a2d3-46cd-80b5-02ce8ad20022: TaskStarted(23,2640,Some(AttributeKey[sbt.IvySbt]("ivySbt") in Scope(Build: file:/D:/Development/soldiers/, , Project: ProjectReference(file:/D:/Development/soldiers/,root))))
Sending msg to client play-fork-run-c08c7093-a2d3-46cd-80b5-02ce8ad20022: TaskFinished(23,2724,None,true,None)
Sending msg to client play-fork-run-c08c7093-a2d3-46cd-80b5-02ce8ad20022: TaskStarted(23,2723,None)
Sending msg to client play-fork-run-c08c7093-a2d3-46cd-80b5-02ce8ad20022: TaskFinished(23,2705,Some(AttributeKey[scala.collection.Seq[java.io.File]]("twirlCompileTemplates") in Scope(Build: file:/D:/Development/soldiers/, , Project: ProjectReference(file:/D:/Development/soldiers/,root), Config: compile)),true,None)
Sending msg to client play-fork-run-c08c7093-a2d3-46cd-80b5-02ce8ad20022: TaskFinished(23,2640,Some(AttributeKey[sbt.IvySbt]("ivySbt") in Scope(Build: file:/D:/Development/soldiers/, , Project: ProjectReference(file:/D:/Development/soldiers/,root))),true,None)
Sending msg to client play-fork-run-c08c7093-a2d3-46cd-80b5-02ce8ad20022: TaskStarted(23,2639,Some(AttributeKey[sbt.IvySbt$Module]("ivyModule") in Scope(Build: file:/D:/Development/soldiers/, , Project: ProjectReference(file:/D:/Development/soldiers/,root))))
Sending msg to client play-fork-run-c08c7093-a2d3-46cd-80b5-02ce8ad20022: TaskFinished(23,2723,None,true,None)
Sending msg to client play-fork-run-c08c7093-a2d3-46cd-80b5-02ce8ad20022: TaskFinished(23,2672,None,true,None)
Sending msg to client play-fork-run-c08c7093-a2d3-46cd-80b5-02ce8ad20022: TaskStarted(23,2670,Some(AttributeKey[scala.collection.Seq[sbt.Attributed[java.io.File]]]("unmanagedClasspath") in Scope(Build: file:/D:/Development/soldiers/, , Project: ProjectReference(file:/D:/Development/soldiers/,root), Config: compile)))
Sending msg to client play-fork-run-c08c7093-a2d3-46cd-80b5-02ce8ad20022: TaskFinished(23,2639,Some(AttributeKey[sbt.IvySbt$Module]("ivyModule") in Scope(Build: file:/D:/Development/soldiers/, , Project: ProjectReference(file:/D:/Development/soldiers/,root))),true,None)
Sending msg to client play-fork-run-c08c7093-a2d3-46cd-80b5-02ce8ad20022: TaskStarted(23,2638,Some(AttributeKey[sbt.UpdateReport]("update") in Scope(Build: file:/D:/Development/soldiers/, , Project: ProjectReference(file:/D:/Development/soldiers/,root))))
Sending msg to client play-fork-run-c08c7093-a2d3-46cd-80b5-02ce8ad20022: TaskFinished(23,2670,Some(AttributeKey[scala.collection.Seq[sbt.Attributed[java.io.File]]]("unmanagedClasspath") in Scope(Build: file:/D:/Development/soldiers/, , Project: ProjectReference(file:/D:/Development/soldiers/,root), Config: compile)),true,None)
Sending msg to client play-fork-run-c08c7093-a2d3-46cd-80b5-02ce8ad20022: TaskFinished(23,2708,Some(AttributeKey[scala.collection.Seq[java.io.File]]("playRoutes") in Scope(Build: file:/D:/Development/soldiers/, , Project: ProjectReference(file:/D:/Development/soldiers/,root), Config: compile)),true,None)
Sending msg to client play-fork-run-c08c7093-a2d3-46cd-80b5-02ce8ad20022: TaskStarted(23,2704,None)
Sending msg to client play-fork-run-c08c7093-a2d3-46cd-80b5-02ce8ad20022: TaskFinished(23,2704,None,true,None)
Sending msg to client play-fork-run-c08c7093-a2d3-46cd-80b5-02ce8ad20022: TaskStarted(23,2703,Some(AttributeKey[scala.collection.Seq[java.io.File]]("managedSources") in Scope(Build: file:/D:/Development/soldiers/, , Project: ProjectReference(file:/D:/Development/soldiers/,root), Config: compile)))
Sending msg to client play-fork-run-c08c7093-a2d3-46cd-80b5-02ce8ad20022: TaskFinished(23,2703,Some(AttributeKey[scala.collection.Seq[java.io.File]]("managedSources") in Scope(Build: file:/D:/Development/soldiers/, , Project: ProjectReference(file:/D:/Development/soldiers/,root), Config: compile)),true,None)
Sending msg to client play-fork-run-c08c7093-a2d3-46cd-80b5-02ce8ad20022: TaskStarted(23,2700,Some(AttributeKey[scala.collection.Seq[java.io.File]]("sources") in Scope(Build: file:/D:/Development/soldiers/, , Project: ProjectReference(file:/D:/Development/soldiers/,root), Config: compile)))
Sending msg to client play-fork-run-c08c7093-a2d3-46cd-80b5-02ce8ad20022: TaskFinished(23,2700,Some(AttributeKey[scala.collection.Seq[java.io.File]]("sources") in Scope(Build: file:/D:/Development/soldiers/, , Project: ProjectReference(file:/D:/Development/soldiers/,root), Config: compile)),true,None)
Sending msg to client play-fork-run-c08c7093-a2d3-46cd-80b5-02ce8ad20022: TaskFinished(23,2638,Some(AttributeKey[sbt.UpdateReport]("update") in Scope(Build: file:/D:/Development/soldiers/, , Project: ProjectReference(file:/D:/Development/soldiers/,root))),true,None)
Sending msg to client play-fork-run-c08c7093-a2d3-46cd-80b5-02ce8ad20022: TaskStarted(23,2636,Some(AttributeKey[sbt.UpdateReport]("update") in Scope(Build: file:/D:/Development/soldiers/, , Project: ProjectReference(file:/D:/Development/soldiers/,root))))
Sending msg to client play-fork-run-c08c7093-a2d3-46cd-80b5-02ce8ad20022: TaskFinished(23,2636,Some(AttributeKey[sbt.UpdateReport]("update") in Scope(Build: file:/D:/Development/soldiers/, , Project: ProjectReference(file:/D:/Development/soldiers/,root))),true,None)
Sending msg to client play-fork-run-c08c7093-a2d3-46cd-80b5-02ce8ad20022: TaskStarted(23,2634,Some(AttributeKey[sbt.Configuration]("classpathConfiguration") in Scope(Build: file:/D:/Development/soldiers/, , Project: ProjectReference(file:/D:/Development/soldiers/,root), Config: compile)))
Sending msg to client play-fork-run-c08c7093-a2d3-46cd-80b5-02ce8ad20022: TaskStarted(23,2685,Some(AttributeKey[scala.collection.Seq[java.lang.String]]("scalacOptions") in Scope(Build: file:/D:/Development/soldiers/, , Project: ProjectReference(file:/D:/Development/soldiers/,root), Config: compile)))
Sending msg to client play-fork-run-c08c7093-a2d3-46cd-80b5-02ce8ad20022: TaskStarted(23,2733,None)
Sending msg to client play-fork-run-c08c7093-a2d3-46cd-80b5-02ce8ad20022: TaskFinished(23,2634,Some(AttributeKey[sbt.Configuration]("classpathConfiguration") in Scope(Build: file:/D:/Development/soldiers/, , Project: ProjectReference(file:/D:/Development/soldiers/,root), Config: compile)),true,None)
Sending msg to client play-fork-run-c08c7093-a2d3-46cd-80b5-02ce8ad20022: TaskStarted(23,2630,None)
Sending msg to client play-fork-run-c08c7093-a2d3-46cd-80b5-02ce8ad20022: TaskStarted(23,2675,None)
Sending msg to client play-fork-run-c08c7093-a2d3-46cd-80b5-02ce8ad20022: TaskFinished(23,2685,Some(AttributeKey[scala.collection.Seq[java.lang.String]]("scalacOptions") in Scope(Build: file:/D:/Development/soldiers/, , Project: ProjectReference(file:/D:/Development/soldiers/,root), Config: compile)),true,None)
Sending msg to client play-fork-run-c08c7093-a2d3-46cd-80b5-02ce8ad20022: TaskFinished(23,2733,None,true,None)
Sending msg to client play-fork-run-c08c7093-a2d3-46cd-80b5-02ce8ad20022: TaskFinished(23,2697,Some(AttributeKey[sbt.ScalaInstance]("scalaInstance") in Scope(Build: file:/D:/Development/soldiers/, , Project: ProjectReference(file:/D:/Development/soldiers/,root))),true,None)
Sending msg to client play-fork-run-c08c7093-a2d3-46cd-80b5-02ce8ad20022: TaskStarted(23,2696,Some(AttributeKey[sbt.Compiler$Compilers]("compilers") in Scope(Global)))
Sending msg to client play-fork-run-c08c7093-a2d3-46cd-80b5-02ce8ad20022: TaskStarted(23,2739,None)
Sending msg to client play-fork-run-c08c7093-a2d3-46cd-80b5-02ce8ad20022: TaskStarted(23,2740,None)
Sending msg to client play-fork-run-c08c7093-a2d3-46cd-80b5-02ce8ad20022: TaskFinished(23,2675,None,true,None)
Sending msg to client play-fork-run-c08c7093-a2d3-46cd-80b5-02ce8ad20022: TaskStarted(23,2673,Some(AttributeKey[scala.collection.Seq[sbt.Attributed[java.io.File]]]("managedClasspath") in Scope(Build: file:/D:/Development/soldiers/, , Project: ProjectReference(file:/D:/Development/soldiers/,root), Config: compile)))
Sending msg to client play-fork-run-c08c7093-a2d3-46cd-80b5-02ce8ad20022: TaskFinished(23,2739,None,true,None)
Sending msg to client play-fork-run-c08c7093-a2d3-46cd-80b5-02ce8ad20022: TaskFinished(23,2740,None,true,None)
Sending msg to client play-fork-run-c08c7093-a2d3-46cd-80b5-02ce8ad20022: TaskStarted(23,2738,None)
Sending msg to client play-fork-run-c08c7093-a2d3-46cd-80b5-02ce8ad20022: TaskFinished(23,2696,Some(AttributeKey[sbt.Compiler$Compilers]("compilers") in Scope(Global)),true,None)
Sending msg to client play-fork-run-c08c7093-a2d3-46cd-80b5-02ce8ad20022: TaskFinished(23,2738,None,true,None)
Sending msg to client play-fork-run-c08c7093-a2d3-46cd-80b5-02ce8ad20022: TaskStarted(23,2737,None)
Sending msg to client play-fork-run-c08c7093-a2d3-46cd-80b5-02ce8ad20022: TaskFinished(23,2737,None,true,None)
Sending msg to client play-fork-run-c08c7093-a2d3-46cd-80b5-02ce8ad20022: TaskFinished(23,2630,None,true,None)
Sending msg to client play-fork-run-c08c7093-a2d3-46cd-80b5-02ce8ad20022: TaskStarted(23,2629,Some(AttributeKey[scala.collection.Seq[sbt.Attributed[java.io.File]]]("internalDependencyClasspath") in Scope(Build: file:/D:/Development/soldiers/, , Project: ProjectReference(file:/D:/Development/soldiers/,root), Config: compile)))
Sending msg to client play-fork-run-c08c7093-a2d3-46cd-80b5-02ce8ad20022: TaskFinished(23,2629,Some(AttributeKey[scala.collection.Seq[sbt.Attributed[java.io.File]]]("internalDependencyClasspath") in Scope(Build: file:/D:/Development/soldiers/, , Project: ProjectReference(file:/D:/Development/soldiers/,root), Config: compile)),true,None)
Sending msg to client play-fork-run-c08c7093-a2d3-46cd-80b5-02ce8ad20022: TaskFinished(23,2673,Some(AttributeKey[scala.collection.Seq[sbt.Attributed[java.io.File]]]("managedClasspath") in Scope(Build: file:/D:/Development/soldiers/, , Project: ProjectReference(file:/D:/Development/soldiers/,root), Config: compile)),true,None)
Sending msg to client play-fork-run-c08c7093-a2d3-46cd-80b5-02ce8ad20022: TaskStarted(23,2669,None)
Sending msg to client play-fork-run-c08c7093-a2d3-46cd-80b5-02ce8ad20022: TaskFinished(23,2669,None,true,None)
Sending msg to client play-fork-run-c08c7093-a2d3-46cd-80b5-02ce8ad20022: TaskStarted(23,2667,Some(AttributeKey[scala.collection.Seq[sbt.Attributed[java.io.File]]]("externalDependencyClasspath") in Scope(Build: file:/D:/Development/soldiers/, , Project: ProjectReference(file:/D:/Development/soldiers/,root), Config: compile)))
Sending msg to client play-fork-run-c08c7093-a2d3-46cd-80b5-02ce8ad20022: TaskFinished(23,2667,Some(AttributeKey[scala.collection.Seq[sbt.Attributed[java.io.File]]]("externalDependencyClasspath") in Scope(Build: file:/D:/Development/soldiers/, , Project: ProjectReference(file:/D:/Development/soldiers/,root), Config: compile)),true,None)
Sending msg to client play-fork-run-c08c7093-a2d3-46cd-80b5-02ce8ad20022: TaskStarted(23,2628,None)
Sending msg to client play-fork-run-c08c7093-a2d3-46cd-80b5-02ce8ad20022: TaskFinished(23,2628,None,true,None)
Sending msg to client play-fork-run-c08c7093-a2d3-46cd-80b5-02ce8ad20022: TaskStarted(23,2626,Some(AttributeKey[scala.collection.Seq[sbt.Attributed[java.io.File]]]("dependencyClasspath") in Scope(Build: file:/D:/Development/soldiers/, , Project: ProjectReference(file:/D:/Development/soldiers/,root), Config: compile)))
Sending msg to client play-fork-run-c08c7093-a2d3-46cd-80b5-02ce8ad20022: TaskFinished(23,2626,Some(AttributeKey[scala.collection.Seq[sbt.Attributed[java.io.File]]]("dependencyClasspath") in Scope(Build: file:/D:/Development/soldiers/, , Project: ProjectReference(file:/D:/Development/soldiers/,root), Config: compile)),true,None)
Sending msg to client play-fork-run-c08c7093-a2d3-46cd-80b5-02ce8ad20022: TaskStarted(23,2623,Some(AttributeKey[sbt.Compiler$IncSetup]("incCompileSetup") in Scope(Build: file:/D:/Development/soldiers/, , Project: ProjectReference(file:/D:/Development/soldiers/,root), Config: compile)))
Sending msg to client play-fork-run-c08c7093-a2d3-46cd-80b5-02ce8ad20022: TaskFinished(23,2623,Some(AttributeKey[sbt.Compiler$IncSetup]("incCompileSetup") in Scope(Build: file:/D:/Development/soldiers/, , Project: ProjectReference(file:/D:/Development/soldiers/,root), Config: compile)),true,None)
Sending msg to client play-fork-run-c08c7093-a2d3-46cd-80b5-02ce8ad20022: TaskStarted(23,2622,Some(AttributeKey[sbt.Compiler$PreviousAnalysis]("readAnalysis") in Scope(Build: file:/D:/Development/soldiers/, , Project: ProjectReference(file:/D:/Development/soldiers/,root), Config: compile)))
Sending msg to client play-fork-run-c08c7093-a2d3-46cd-80b5-02ce8ad20022: TaskStarted(23,2681,Some(AttributeKey[sbt.Compiler$Inputs]("compileInputs") in Scope(Build: file:/D:/Development/soldiers/, , Project: ProjectReference(file:/D:/Development/soldiers/,root), Config: compile, Task: AttributeKey[sbt.inc.Analysis]("compile"))))
Sending msg to client play-fork-run-c08c7093-a2d3-46cd-80b5-02ce8ad20022: TaskFinished(23,2622,Some(AttributeKey[sbt.Compiler$PreviousAnalysis]("readAnalysis") in Scope(Build: file:/D:/Development/soldiers/, , Project: ProjectReference(file:/D:/Development/soldiers/,root), Config: compile)),true,None)
Sending msg to client play-fork-run-c08c7093-a2d3-46cd-80b5-02ce8ad20022: TaskFinished(23,2681,Some(AttributeKey[sbt.Compiler$Inputs]("compileInputs") in Scope(Build: file:/D:/Development/soldiers/, , Project: ProjectReference(file:/D:/Development/soldiers/,root), Config: compile, Task: AttributeKey[sbt.inc.Analysis]("compile"))),true,None)
Sending msg to client play-fork-run-c08c7093-a2d3-46cd-80b5-02ce8ad20022: TaskStarted(23,2716,Some(AttributeKey[scala.Option[xsbti.Reporter]]("compilerReporter") in Scope(Build: file:/D:/Development/soldiers/, , Project: ProjectReference(file:/D:/Development/soldiers/,root), Config: compile, Task: AttributeKey[sbt.inc.Analysis]("compile"))))
Sending msg to client play-fork-run-c08c7093-a2d3-46cd-80b5-02ce8ad20022: TaskFinished(23,2716,Some(AttributeKey[scala.Option[xsbti.Reporter]]("compilerReporter") in Scope(Build: file:/D:/Development/soldiers/, , Project: ProjectReference(file:/D:/Development/soldiers/,root), Config: compile, Task: AttributeKey[sbt.inc.Analysis]("compile"))),true,None)
Sending msg to client play-fork-run-c08c7093-a2d3-46cd-80b5-02ce8ad20022: TaskStarted(23,2621,Some(AttributeKey[sbt.compiler.IC$Result]("compileIncremental") in Scope(Build: file:/D:/Development/soldiers/, , Project: ProjectReference(file:/D:/Development/soldiers/,root), Config: compile)))
Sending msg to client play-fork-run-c08c7093-a2d3-46cd-80b5-02ce8ad20022: TaskLogEvent(2621,LogMessage(debug,
Initial source changes: 
	removed:Set()
	added: Set()
	modified: Set()
Removed products: Set()
External API changes: API Changes: Set()
Modified binary dependencies: Set()
Initial directly invalidated sources: Set()

Sources indirectly invalidated by:
	product: Set()
	binary dep: Set()
	external source: Set()))
Sending msg to client play-fork-run-c08c7093-a2d3-46cd-80b5-02ce8ad20022: TaskLogEvent(2621,LogMessage(debug,All initially invalidated sources: Set()
))
Sending msg to client play-fork-run-c08c7093-a2d3-46cd-80b5-02ce8ad20022: TaskFinished(23,2621,Some(AttributeKey[sbt.compiler.IC$Result]("compileIncremental") in Scope(Build: file:/D:/Development/soldiers/, , Project: ProjectReference(file:/D:/Development/soldiers/,root), Config: compile)),true,None)
Sending msg to client play-fork-run-c08c7093-a2d3-46cd-80b5-02ce8ad20022: TaskStarted(23,2620,Some(AttributeKey[sbt.compiler.IC$Result]("manipulateBytecode") in Scope(Build: file:/D:/Development/soldiers/, , Project: ProjectReference(file:/D:/Development/soldiers/,root), Config: compile)))
Sending msg to client play-fork-run-c08c7093-a2d3-46cd-80b5-02ce8ad20022: TaskFinished(23,2620,Some(AttributeKey[sbt.compiler.IC$Result]("manipulateBytecode") in Scope(Build: file:/D:/Development/soldiers/, , Project: ProjectReference(file:/D:/Development/soldiers/,root), Config: compile)),true,None)
Sending msg to client play-fork-run-c08c7093-a2d3-46cd-80b5-02ce8ad20022: TaskStarted(23,2619,Some(AttributeKey[sbt.inc.Analysis]("compile") in Scope(Build: file:/D:/Development/soldiers/, , Project: ProjectReference(file:/D:/Development/soldiers/,root), Config: compile)))
Sending msg to client play-fork-run-c08c7093-a2d3-46cd-80b5-02ce8ad20022: TaskFinished(23,2619,Some(AttributeKey[sbt.inc.Analysis]("compile") in Scope(Build: file:/D:/Development/soldiers/, , Project: ProjectReference(file:/D:/Development/soldiers/,root), Config: compile)),true,None)
Sending msg to client play-fork-run-c08c7093-a2d3-46cd-80b5-02ce8ad20022: TaskStarted(23,2618,Some(AttributeKey[scala.collection.Seq[java.lang.String]]("discoveredMainClasses") in Scope(Build: file:/D:/Development/soldiers/, , Project: ProjectReference(file:/D:/Development/soldiers/,root), Config: compile)))
Sending msg to client play-fork-run-c08c7093-a2d3-46cd-80b5-02ce8ad20022: TaskFinished(23,2618,Some(AttributeKey[scala.collection.Seq[java.lang.String]]("discoveredMainClasses") in Scope(Build: file:/D:/Development/soldiers/, , Project: ProjectReference(file:/D:/Development/soldiers/,root), Config: compile)),true,None)
Sending msg to client play-fork-run-c08c7093-a2d3-46cd-80b5-02ce8ad20022: TaskStarted(23,2617,None)
Sending msg to client play-fork-run-c08c7093-a2d3-46cd-80b5-02ce8ad20022: TaskFinished(23,2617,None,true,None)
Sending msg to client play-fork-run-c08c7093-a2d3-46cd-80b5-02ce8ad20022: TaskStarted(23,2616,None)
Sending msg to client play-fork-run-c08c7093-a2d3-46cd-80b5-02ce8ad20022: TaskFinished(23,2616,None,true,None)
Sending msg to client play-fork-run-c08c7093-a2d3-46cd-80b5-02ce8ad20022: DetachedLogEvent(LogMessage(debug,cancel strategy finish enabled=false lastCommand=Some(LastCommand(CommandExecutionWork(ExecutionId(23),{file:/D:/Development/soldiers/}root/compile:discoveredMainClasses,Set(LiveClient(activator 3f799c6c-500a-42e0-9e94-4f4b1c3585b0)),sbt.server.WorkCancellationStatus$$anon$1@16847d46)))))
Sending msg to client play-fork-run-c08c7093-a2d3-46cd-80b5-02ce8ad20022: DetachedLogEvent(LogSuccess(Total time: 0 s, completed Jan 25, 2017 7:42:25 PM))
Sending msg to client play-fork-run-c08c7093-a2d3-46cd-80b5-02ce8ad20022: DetachedLogEvent(LogMessage(debug,> server-post-command-cleanup))
Sending msg to client play-fork-run-c08c7093-a2d3-46cd-80b5-02ce8ad20022: ExecutionSuccess(23)
Sending msg to client play-fork-run-c08c7093-a2d3-46cd-80b5-02ce8ad20022: DetachedLogEvent(LogMessage(debug,> server-handle-next-server-request))
