New log file opened at Wed Feb 01 23:08:51 COT 2017 by 6980@DESKTOP-EUGFD9N
jvm 6980@DESKTOP-EUGFD9N
jvm vmName=Java HotSpot(TM) 64-Bit Server VM vmVendor=Oracle Corporation vmVersion=25.112-b15
jvm specName=Java Virtual Machine Specification specVendor=Oracle Corporation specVersion=1.8
jvm arguments: [-Xms256m, -Xmx1024m, -XX:MetaspaceSize=64m, -XX:MaxMetaspaceSize=256m]
Starting event engine
Starting sbt command engine
Waiting for sbt command engine
Command engine arguments=List()
Command engine baseDirectory=D:\Development\soldiers
Command engine initial remaining commands List(--initialize, onFailure load-failed, boot, server-send-ready-for-request, server-handle-next-server-request)
> --initialize
> initialize
> onFailure load-failed
> boot
> reload
[Loading] Scanning directory D:\Development\soldiers\project
[Loading] Found non-root projects 
[Loading] Done in D:\Development\soldiers\project, returning: ()
deducing auto plugins based on known facts Set(Atom(sbt.plugins.CorePlugin)) and clauses Clauses(List(Clause(Atom(sbt.plugins.JvmPlugin),Set(Atom(sbt.plugins.IvyPlugin))), Clause(Atom(sbt.plugins.JUnitXmlReportPlugin),Set(Atom(sbt.plugins.JvmPlugin))), Clause(Atom(sbt.plugins.CorePlugin),Set(Atom(sbt.plugins.IvyPlugin))), Clause(Atom(sbt.plugins.IvyPlugin),Set(Atom(sbt.plugins.JvmPlugin))), Clause(Atom(sbt.plugins.JvmPlugin),Set(Atom(sbt.plugins.JUnitXmlReportPlugin)))))
  :: deduced result: Matched(sbt.plugins.CorePlugin,sbt.plugins.IvyPlugin,sbt.plugins.JvmPlugin,sbt.plugins.JUnitXmlReportPlugin)
sorting: ns: List(sbt.plugins.CorePlugin, sbt.plugins.IvyPlugin, sbt.plugins.JvmPlugin, sbt.plugins.JUnitXmlReportPlugin)
  :: sorting:: found: List(sbt.plugins.CorePlugin) not found List(sbt.plugins.IvyPlugin, sbt.plugins.JvmPlugin, sbt.plugins.JUnitXmlReportPlugin)
  :: sorting:: found: List(sbt.plugins.CorePlugin, sbt.plugins.IvyPlugin) not found List(sbt.plugins.JvmPlugin, sbt.plugins.JUnitXmlReportPlugin)
  :: sorting:: found: List(sbt.plugins.CorePlugin, sbt.plugins.IvyPlugin, sbt.plugins.JvmPlugin) not found List(sbt.plugins.JUnitXmlReportPlugin)
  :: sorting:: found: List(sbt.plugins.CorePlugin, sbt.plugins.IvyPlugin, sbt.plugins.JvmPlugin, sbt.plugins.JUnitXmlReportPlugin) not found List()
  :: sorted deduced result: List(sbt.plugins.CorePlugin, sbt.plugins.IvyPlugin, sbt.plugins.JvmPlugin, sbt.plugins.JUnitXmlReportPlugin)
[Loading] Done in D:\Development\soldiers\project, returning: (soldiers-build)
Loading project definition from D:\Development\soldiers\project
Running task... Cancel: sbt.TaskCancellationStrategy$Null$@7bc577b, check cycles: false

Initial source changes: 
	removed:Set()
	added: Set()
	modified: Set()
Removed products: Set()
External API changes: API Changes: Set()
Modified binary dependencies: Set()
Initial directly invalidated sources: Set()

Sources indirectly invalidated by:
	product: Set()
	binary dep: Set()
	external source: Set()
All initially invalidated sources: Set()

Copy resource mappings: 
	
[Loading] Scanning directory D:\Development\soldiers
[Loading] Found root project root w/ remaining 
deducing auto plugins based on known facts Set(Atom(play.sbt.PlayScala), Atom(sbt.plugins.CorePlugin)) and clauses Clauses(List(Clause(Atom(sbt.plugins.JvmPlugin),Set(Atom(sbt.plugins.IvyPlugin))), Clause(Atom(sbt.plugins.JUnitXmlReportPlugin),Set(Atom(sbt.plugins.JvmPlugin))), Clause(Atom(play.sbt.forkrun.PlayForkRun),Set(Atom(sbt.plugins.BackgroundRunPlugin))), Clause(Atom(play.sbt.forkrun.PlayForkRun),Set(Atom(play.sbt.Play))), Clause(Atom(play.sbt.forkrun.PlayForkRun),Set(Atom(sbt.plugins.SerializersPlugin))), Clause(Atom(play.sbt.Play),Set(Atom(com.typesafe.sbt.packager.archetypes.JavaServerAppPackaging))), Clause(Atom(play.sbt.Play),Set(Atom(play.sbt.routes.RoutesCompiler))), Clause(Atom(play.sbt.Play),Set(Atom(play.twirl.sbt.SbtTwirl))), Clause(Atom(play.sbt.Play),Set(Atom(com.typesafe.sbt.jse.SbtJsTask))), Clause(Atom(play.sbt.PlayAkkaHttpServer),Set(Atom(play.sbt.Play))), Clause(Atom(play.sbt.PlayJava),Set(Atom(play.sbt.Play))), Clause(Atom(play.sbt.PlayLayoutPlugin),Set(Atom(play.sbt.Play))), Clause(Atom(play.sbt.PlayLogback),Set(Atom(play.sbt.Play))), Clause(Atom(play.sbt.PlayNettyServer),Set(Atom(play.sbt.Play))), Clause(Atom(play.sbt.PlayScala),Set(Atom(play.sbt.Play))), Clause(Atom(play.sbt.routes.RoutesCompiler),Set(Atom(sbt.plugins.JvmPlugin))), Clause(Atom(play.twirl.sbt.SbtTwirl),Set(Atom(sbt.plugins.JvmPlugin))), Clause(Atom(com.typesafe.sbt.packager.archetypes.AkkaAppPackaging),Set(Atom(com.typesafe.sbt.packager.archetypes.JavaAppPackaging))), Clause(Atom(com.typesafe.sbt.packager.archetypes.JavaAppPackaging),Set(Atom(com.typesafe.sbt.packager.windows.WindowsPlugin))), Clause(Atom(com.typesafe.sbt.packager.archetypes.JavaAppPackaging),Set(Atom(com.typesafe.sbt.packager.docker.DockerPlugin))), Clause(Atom(com.typesafe.sbt.packager.archetypes.JavaAppPackaging),Set(Atom(com.typesafe.sbt.packager.debian.DebianPlugin))), Clause(Atom(com.typesafe.sbt.packager.archetypes.JavaAppPackaging),Set(Atom(com.typesafe.sbt.packager.rpm.RpmPlugin))), Clause(Atom(com.typesafe.sbt.packager.archetypes.JavaServerAppPackaging),Set(Atom(com.typesafe.sbt.packager.archetypes.JavaAppPackaging))), Clause(Atom(com.typesafe.sbt.packager.archetypes.jar.ClasspathJarPlugin),Set(Atom(com.typesafe.sbt.packager.archetypes.JavaAppPackaging))), Clause(Atom(com.typesafe.sbt.packager.archetypes.jar.LauncherJarPlugin),Set(Atom(com.typesafe.sbt.packager.archetypes.JavaAppPackaging))), Clause(Atom(com.typesafe.sbt.packager.debian.DebianDeployPlugin),Set(Atom(com.typesafe.sbt.packager.debian.DebianPlugin))), Clause(Atom(com.typesafe.sbt.packager.debian.DebianPlugin),Set(Atom(com.typesafe.sbt.packager.linux.LinuxPlugin))), Clause(Atom(com.typesafe.sbt.packager.debian.JDebPackaging),Set(Atom(com.typesafe.sbt.packager.debian.DebianPlugin))), Clause(Atom(com.typesafe.sbt.packager.docker.DockerPlugin),Set(Atom(com.typesafe.sbt.packager.universal.UniversalPlugin))), Clause(Atom(com.typesafe.sbt.packager.jdkpackager.JDKPackagerDeployPlugin),Set(Atom(com.typesafe.sbt.packager.jdkpackager.JDKPackagerPlugin))), Clause(Atom(com.typesafe.sbt.packager.jdkpackager.JDKPackagerPlugin),Set(Atom(com.typesafe.sbt.packager.archetypes.JavaAppPackaging))), Clause(Atom(com.typesafe.sbt.packager.jdkpackager.JDKPackagerPlugin),Set(Atom(com.typesafe.sbt.packager.archetypes.jar.LauncherJarPlugin))), Clause(Atom(com.typesafe.sbt.packager.linux.LinuxPlugin),Set(Atom(com.typesafe.sbt.packager.universal.UniversalPlugin))), Clause(Atom(com.typesafe.sbt.packager.rpm.RpmDeployPlugin),Set(Atom(com.typesafe.sbt.packager.rpm.RpmPlugin))), Clause(Atom(com.typesafe.sbt.packager.rpm.RpmPlugin),Set(Atom(com.typesafe.sbt.packager.linux.LinuxPlugin))), Clause(Atom(com.typesafe.sbt.packager.universal.UniversalDeployPlugin),Set(Atom(com.typesafe.sbt.packager.universal.UniversalPlugin))), Clause(Atom(com.typesafe.sbt.packager.universal.UniversalPlugin),Set(Atom(com.typesafe.sbt.SbtNativePackager))), Clause(Atom(com.typesafe.sbt.packager.windows.WindowsDeployPlugin),Set(Atom(com.typesafe.sbt.packager.windows.WindowsPlugin))), Clause(Atom(com.typesafe.sbt.packager.windows.WindowsPlugin),Set(Atom(com.typesafe.sbt.packager.universal.UniversalPlugin))), Clause(Atom(com.typesafe.sbt.web.SbtWeb),Set(Atom(sbt.plugins.JvmPlugin))), Clause(Atom(sbt.plugins.BackgroundRunPlugin),Set(Atom(sbt.plugins.JvmPlugin))), Clause(Atom(com.typesafe.sbt.coffeescript.SbtCoffeeScript),Set(Atom(com.typesafe.sbt.jse.SbtJsTask))), Clause(Atom(com.typesafe.sbt.less.SbtLess),Set(Atom(com.typesafe.sbt.jse.SbtJsTask))), Clause(Atom(com.typesafe.sbt.jshint.SbtJSHint),Set(Atom(com.typesafe.sbt.jse.SbtJsTask))), Clause(Atom(com.typesafe.sbt.rjs.SbtRjs),Set(Atom(com.typesafe.sbt.jse.SbtJsTask))), Clause(Atom(com.typesafe.sbt.jse.SbtJsEngine),Set(Atom(com.typesafe.sbt.web.SbtWeb))), Clause(Atom(com.typesafe.sbt.jse.SbtJsTask),Set(Atom(com.typesafe.sbt.jse.SbtJsEngine))), Clause(Atom(com.typesafe.sbt.digest.SbtDigest),Set(Atom(com.typesafe.sbt.web.SbtWeb))), Clause(Atom(com.typesafe.sbt.mocha.SbtMocha),Set(Atom(com.typesafe.sbt.jse.SbtJsTask))), Clause(Atom(org.irundaia.sbt.sass.SbtSassify),Set(Atom(com.typesafe.sbt.web.SbtWeb))), Clause(Atom(sbt.plugins.CorePlugin),Set(Atom(sbt.plugins.IvyPlugin))), Clause(Atom(sbt.plugins.IvyPlugin),Set(Atom(sbt.plugins.JvmPlugin))), Clause(Atom(sbt.plugins.JvmPlugin),Set(Atom(sbt.plugins.JUnitXmlReportPlugin))), Clause(And(Set(Atom(sbt.plugins.BackgroundRunPlugin), Atom(play.sbt.Play), Atom(sbt.plugins.SerializersPlugin))),Set(Atom(play.sbt.forkrun.PlayForkRun))), Clause(Atom(play.sbt.Play),Set(Atom(play.sbt.PlayLayoutPlugin))), Clause(Atom(play.sbt.Play),Set(Atom(play.sbt.PlayLogback))), Clause(Atom(play.sbt.Play),Set(Atom(play.sbt.PlayNettyServer))), Clause(Atom(sbt.plugins.JvmPlugin),Set(Atom(sbt.plugins.BackgroundRunPlugin))), Clause(Atom(sbt.plugins.CorePlugin),Set(Atom(sbt.plugins.InteractionServicePlugin))), Clause(Atom(sbt.plugins.CorePlugin),Set(Atom(sbt.plugins.SendEventServicePlugin))), Clause(Atom(sbt.plugins.CorePlugin),Set(Atom(sbt.plugins.SerializersPlugin))), Clause(Atom(com.typesafe.sbt.jse.SbtJsTask),Set(Atom(com.typesafe.sbt.coffeescript.SbtCoffeeScript))), Clause(Atom(com.typesafe.sbt.jse.SbtJsTask),Set(Atom(com.typesafe.sbt.less.SbtLess))), Clause(Atom(com.typesafe.sbt.jse.SbtJsTask),Set(Atom(com.typesafe.sbt.jshint.SbtJSHint))), Clause(Atom(com.typesafe.sbt.jse.SbtJsTask),Set(Atom(com.typesafe.sbt.rjs.SbtRjs))), Clause(Atom(com.typesafe.sbt.web.SbtWeb),Set(Atom(com.typesafe.sbt.jse.SbtJsEngine))), Clause(Atom(com.typesafe.sbt.jse.SbtJsEngine),Set(Atom(com.typesafe.sbt.jse.SbtJsTask))), Clause(Atom(com.typesafe.sbt.web.SbtWeb),Set(Atom(com.typesafe.sbt.digest.SbtDigest))), Clause(Atom(com.typesafe.sbt.jse.SbtJsTask),Set(Atom(com.typesafe.sbt.mocha.SbtMocha))), Clause(Atom(com.typesafe.sbt.web.SbtWeb),Set(Atom(org.irundaia.sbt.sass.SbtSassify)))))
  :: deduced result: Matched(sbt.plugins.CorePlugin,play.sbt.PlayScala,sbt.plugins.InteractionServicePlugin,sbt.plugins.SendEventServicePlugin,play.sbt.Play,sbt.plugins.SerializersPlugin,sbt.plugins.IvyPlugin,com.typesafe.sbt.packager.archetypes.JavaServerAppPackaging,play.twirl.sbt.SbtTwirl,sbt.plugins.JvmPlugin,play.sbt.PlayNettyServer,play.sbt.PlayLayoutPlugin,play.sbt.routes.RoutesCompiler,play.sbt.PlayLogback,com.typesafe.sbt.jse.SbtJsTask,com.typesafe.sbt.jshint.SbtJSHint,com.typesafe.sbt.packager.archetypes.JavaAppPackaging,sbt.plugins.JUnitXmlReportPlugin,com.typesafe.sbt.mocha.SbtMocha,com.typesafe.sbt.less.SbtLess,com.typesafe.sbt.rjs.SbtRjs,com.typesafe.sbt.jse.SbtJsEngine,com.typesafe.sbt.coffeescript.SbtCoffeeScript,sbt.plugins.BackgroundRunPlugin,com.typesafe.sbt.packager.rpm.RpmPlugin,com.typesafe.sbt.packager.windows.WindowsPlugin,com.typesafe.sbt.web.SbtWeb,com.typesafe.sbt.packager.docker.DockerPlugin,play.sbt.forkrun.PlayForkRun,com.typesafe.sbt.packager.debian.DebianPlugin,org.irundaia.sbt.sass.SbtSassify,com.typesafe.sbt.digest.SbtDigest,com.typesafe.sbt.packager.universal.UniversalPlugin,com.typesafe.sbt.packager.linux.LinuxPlugin,com.typesafe.sbt.SbtNativePackager)
sorting: ns: List(sbt.plugins.CorePlugin, play.sbt.PlayScala, sbt.plugins.InteractionServicePlugin, sbt.plugins.SendEventServicePlugin, play.sbt.Play, sbt.plugins.SerializersPlugin, sbt.plugins.IvyPlugin, com.typesafe.sbt.packager.archetypes.JavaServerAppPackaging, play.twirl.sbt.SbtTwirl, sbt.plugins.JvmPlugin, play.sbt.PlayNettyServer, play.sbt.PlayLayoutPlugin, play.sbt.routes.RoutesCompiler, play.sbt.PlayLogback, com.typesafe.sbt.jse.SbtJsTask, com.typesafe.sbt.jshint.SbtJSHint, com.typesafe.sbt.packager.archetypes.JavaAppPackaging, sbt.plugins.JUnitXmlReportPlugin, com.typesafe.sbt.mocha.SbtMocha, com.typesafe.sbt.less.SbtLess, com.typesafe.sbt.rjs.SbtRjs, com.typesafe.sbt.jse.SbtJsEngine, com.typesafe.sbt.coffeescript.SbtCoffeeScript, sbt.plugins.BackgroundRunPlugin, com.typesafe.sbt.packager.rpm.RpmPlugin, com.typesafe.sbt.packager.windows.WindowsPlugin, com.typesafe.sbt.web.SbtWeb, com.typesafe.sbt.packager.docker.DockerPlugin, play.sbt.forkrun.PlayForkRun, com.typesafe.sbt.packager.debian.DebianPlugin, org.irundaia.sbt.sass.SbtSassify, com.typesafe.sbt.digest.SbtDigest, com.typesafe.sbt.packager.universal.UniversalPlugin, com.typesafe.sbt.packager.linux.LinuxPlugin, com.typesafe.sbt.SbtNativePackager)
  :: sorting:: found: List(sbt.plugins.CorePlugin, com.typesafe.sbt.SbtNativePackager) not found List(play.sbt.PlayScala, sbt.plugins.InteractionServicePlugin, sbt.plugins.SendEventServicePlugin, play.sbt.Play, sbt.plugins.SerializersPlugin, sbt.plugins.IvyPlugin, com.typesafe.sbt.packager.archetypes.JavaServerAppPackaging, play.twirl.sbt.SbtTwirl, sbt.plugins.JvmPlugin, play.sbt.PlayNettyServer, play.sbt.PlayLayoutPlugin, play.sbt.routes.RoutesCompiler, play.sbt.PlayLogback, com.typesafe.sbt.jse.SbtJsTask, com.typesafe.sbt.jshint.SbtJSHint, com.typesafe.sbt.packager.archetypes.JavaAppPackaging, sbt.plugins.JUnitXmlReportPlugin, com.typesafe.sbt.mocha.SbtMocha, com.typesafe.sbt.less.SbtLess, com.typesafe.sbt.rjs.SbtRjs, com.typesafe.sbt.jse.SbtJsEngine, com.typesafe.sbt.coffeescript.SbtCoffeeScript, sbt.plugins.BackgroundRunPlugin, com.typesafe.sbt.packager.rpm.RpmPlugin, com.typesafe.sbt.packager.windows.WindowsPlugin, com.typesafe.sbt.web.SbtWeb, com.typesafe.sbt.packager.docker.DockerPlugin, play.sbt.forkrun.PlayForkRun, com.typesafe.sbt.packager.debian.DebianPlugin, org.irundaia.sbt.sass.SbtSassify, com.typesafe.sbt.digest.SbtDigest, com.typesafe.sbt.packager.universal.UniversalPlugin, com.typesafe.sbt.packager.linux.LinuxPlugin)
  :: sorting:: found: List(sbt.plugins.CorePlugin, com.typesafe.sbt.SbtNativePackager, sbt.plugins.InteractionServicePlugin, sbt.plugins.SendEventServicePlugin, sbt.plugins.SerializersPlugin, sbt.plugins.IvyPlugin, com.typesafe.sbt.packager.universal.UniversalPlugin) not found List(play.sbt.PlayScala, play.sbt.Play, com.typesafe.sbt.packager.archetypes.JavaServerAppPackaging, play.twirl.sbt.SbtTwirl, sbt.plugins.JvmPlugin, play.sbt.PlayNettyServer, play.sbt.PlayLayoutPlugin, play.sbt.routes.RoutesCompiler, play.sbt.PlayLogback, com.typesafe.sbt.jse.SbtJsTask, com.typesafe.sbt.jshint.SbtJSHint, com.typesafe.sbt.packager.archetypes.JavaAppPackaging, sbt.plugins.JUnitXmlReportPlugin, com.typesafe.sbt.mocha.SbtMocha, com.typesafe.sbt.less.SbtLess, com.typesafe.sbt.rjs.SbtRjs, com.typesafe.sbt.jse.SbtJsEngine, com.typesafe.sbt.coffeescript.SbtCoffeeScript, sbt.plugins.BackgroundRunPlugin, com.typesafe.sbt.packager.rpm.RpmPlugin, com.typesafe.sbt.packager.windows.WindowsPlugin, com.typesafe.sbt.web.SbtWeb, com.typesafe.sbt.packager.docker.DockerPlugin, play.sbt.forkrun.PlayForkRun, com.typesafe.sbt.packager.debian.DebianPlugin, org.irundaia.sbt.sass.SbtSassify, com.typesafe.sbt.digest.SbtDigest, com.typesafe.sbt.packager.linux.LinuxPlugin)
  :: sorting:: found: List(sbt.plugins.CorePlugin, com.typesafe.sbt.SbtNativePackager, sbt.plugins.InteractionServicePlugin, sbt.plugins.SendEventServicePlugin, sbt.plugins.SerializersPlugin, sbt.plugins.IvyPlugin, com.typesafe.sbt.packager.universal.UniversalPlugin, sbt.plugins.JvmPlugin, com.typesafe.sbt.packager.windows.WindowsPlugin, com.typesafe.sbt.packager.docker.DockerPlugin, com.typesafe.sbt.packager.linux.LinuxPlugin) not found List(play.sbt.PlayScala, play.sbt.Play, com.typesafe.sbt.packager.archetypes.JavaServerAppPackaging, play.twirl.sbt.SbtTwirl, play.sbt.PlayNettyServer, play.sbt.PlayLayoutPlugin, play.sbt.routes.RoutesCompiler, play.sbt.PlayLogback, com.typesafe.sbt.jse.SbtJsTask, com.typesafe.sbt.jshint.SbtJSHint, com.typesafe.sbt.packager.archetypes.JavaAppPackaging, sbt.plugins.JUnitXmlReportPlugin, com.typesafe.sbt.mocha.SbtMocha, com.typesafe.sbt.less.SbtLess, com.typesafe.sbt.rjs.SbtRjs, com.typesafe.sbt.jse.SbtJsEngine, com.typesafe.sbt.coffeescript.SbtCoffeeScript, sbt.plugins.BackgroundRunPlugin, com.typesafe.sbt.packager.rpm.RpmPlugin, com.typesafe.sbt.web.SbtWeb, play.sbt.forkrun.PlayForkRun, com.typesafe.sbt.packager.debian.DebianPlugin, org.irundaia.sbt.sass.SbtSassify, com.typesafe.sbt.digest.SbtDigest)
  :: sorting:: found: List(sbt.plugins.CorePlugin, com.typesafe.sbt.SbtNativePackager, sbt.plugins.InteractionServicePlugin, sbt.plugins.SendEventServicePlugin, sbt.plugins.SerializersPlugin, sbt.plugins.IvyPlugin, com.typesafe.sbt.packager.universal.UniversalPlugin, sbt.plugins.JvmPlugin, com.typesafe.sbt.packager.windows.WindowsPlugin, com.typesafe.sbt.packager.docker.DockerPlugin, com.typesafe.sbt.packager.linux.LinuxPlugin, play.twirl.sbt.SbtTwirl, play.sbt.routes.RoutesCompiler, sbt.plugins.JUnitXmlReportPlugin, sbt.plugins.BackgroundRunPlugin, com.typesafe.sbt.packager.rpm.RpmPlugin, com.typesafe.sbt.web.SbtWeb, com.typesafe.sbt.packager.debian.DebianPlugin) not found List(play.sbt.PlayScala, play.sbt.Play, com.typesafe.sbt.packager.archetypes.JavaServerAppPackaging, play.sbt.PlayNettyServer, play.sbt.PlayLayoutPlugin, play.sbt.PlayLogback, com.typesafe.sbt.jse.SbtJsTask, com.typesafe.sbt.jshint.SbtJSHint, com.typesafe.sbt.packager.archetypes.JavaAppPackaging, com.typesafe.sbt.mocha.SbtMocha, com.typesafe.sbt.less.SbtLess, com.typesafe.sbt.rjs.SbtRjs, com.typesafe.sbt.jse.SbtJsEngine, com.typesafe.sbt.coffeescript.SbtCoffeeScript, play.sbt.forkrun.PlayForkRun, org.irundaia.sbt.sass.SbtSassify, com.typesafe.sbt.digest.SbtDigest)
  :: sorting:: found: List(sbt.plugins.CorePlugin, com.typesafe.sbt.SbtNativePackager, sbt.plugins.InteractionServicePlugin, sbt.plugins.SendEventServicePlugin, sbt.plugins.SerializersPlugin, sbt.plugins.IvyPlugin, com.typesafe.sbt.packager.universal.UniversalPlugin, sbt.plugins.JvmPlugin, com.typesafe.sbt.packager.windows.WindowsPlugin, com.typesafe.sbt.packager.docker.DockerPlugin, com.typesafe.sbt.packager.linux.LinuxPlugin, play.twirl.sbt.SbtTwirl, play.sbt.routes.RoutesCompiler, sbt.plugins.JUnitXmlReportPlugin, sbt.plugins.BackgroundRunPlugin, com.typesafe.sbt.packager.rpm.RpmPlugin, com.typesafe.sbt.web.SbtWeb, com.typesafe.sbt.packager.debian.DebianPlugin, com.typesafe.sbt.packager.archetypes.JavaAppPackaging, com.typesafe.sbt.jse.SbtJsEngine, org.irundaia.sbt.sass.SbtSassify, com.typesafe.sbt.digest.SbtDigest) not found List(play.sbt.PlayScala, play.sbt.Play, com.typesafe.sbt.packager.archetypes.JavaServerAppPackaging, play.sbt.PlayNettyServer, play.sbt.PlayLayoutPlugin, play.sbt.PlayLogback, com.typesafe.sbt.jse.SbtJsTask, com.typesafe.sbt.jshint.SbtJSHint, com.typesafe.sbt.mocha.SbtMocha, com.typesafe.sbt.less.SbtLess, com.typesafe.sbt.rjs.SbtRjs, com.typesafe.sbt.coffeescript.SbtCoffeeScript, play.sbt.forkrun.PlayForkRun)
  :: sorting:: found: List(sbt.plugins.CorePlugin, com.typesafe.sbt.SbtNativePackager, sbt.plugins.InteractionServicePlugin, sbt.plugins.SendEventServicePlugin, sbt.plugins.SerializersPlugin, sbt.plugins.IvyPlugin, com.typesafe.sbt.packager.universal.UniversalPlugin, sbt.plugins.JvmPlugin, com.typesafe.sbt.packager.windows.WindowsPlugin, com.typesafe.sbt.packager.docker.DockerPlugin, com.typesafe.sbt.packager.linux.LinuxPlugin, play.twirl.sbt.SbtTwirl, play.sbt.routes.RoutesCompiler, sbt.plugins.JUnitXmlReportPlugin, sbt.plugins.BackgroundRunPlugin, com.typesafe.sbt.packager.rpm.RpmPlugin, com.typesafe.sbt.web.SbtWeb, com.typesafe.sbt.packager.debian.DebianPlugin, com.typesafe.sbt.packager.archetypes.JavaAppPackaging, com.typesafe.sbt.jse.SbtJsEngine, org.irundaia.sbt.sass.SbtSassify, com.typesafe.sbt.digest.SbtDigest, com.typesafe.sbt.packager.archetypes.JavaServerAppPackaging, com.typesafe.sbt.jse.SbtJsTask) not found List(play.sbt.PlayScala, play.sbt.Play, play.sbt.PlayNettyServer, play.sbt.PlayLayoutPlugin, play.sbt.PlayLogback, com.typesafe.sbt.jshint.SbtJSHint, com.typesafe.sbt.mocha.SbtMocha, com.typesafe.sbt.less.SbtLess, com.typesafe.sbt.rjs.SbtRjs, com.typesafe.sbt.coffeescript.SbtCoffeeScript, play.sbt.forkrun.PlayForkRun)
  :: sorting:: found: List(sbt.plugins.CorePlugin, com.typesafe.sbt.SbtNativePackager, sbt.plugins.InteractionServicePlugin, sbt.plugins.SendEventServicePlugin, sbt.plugins.SerializersPlugin, sbt.plugins.IvyPlugin, com.typesafe.sbt.packager.universal.UniversalPlugin, sbt.plugins.JvmPlugin, com.typesafe.sbt.packager.windows.WindowsPlugin, com.typesafe.sbt.packager.docker.DockerPlugin, com.typesafe.sbt.packager.linux.LinuxPlugin, play.twirl.sbt.SbtTwirl, play.sbt.routes.RoutesCompiler, sbt.plugins.JUnitXmlReportPlugin, sbt.plugins.BackgroundRunPlugin, com.typesafe.sbt.packager.rpm.RpmPlugin, com.typesafe.sbt.web.SbtWeb, com.typesafe.sbt.packager.debian.DebianPlugin, com.typesafe.sbt.packager.archetypes.JavaAppPackaging, com.typesafe.sbt.jse.SbtJsEngine, org.irundaia.sbt.sass.SbtSassify, com.typesafe.sbt.digest.SbtDigest, com.typesafe.sbt.packager.archetypes.JavaServerAppPackaging, com.typesafe.sbt.jse.SbtJsTask, play.sbt.Play, com.typesafe.sbt.jshint.SbtJSHint, com.typesafe.sbt.mocha.SbtMocha, com.typesafe.sbt.less.SbtLess, com.typesafe.sbt.rjs.SbtRjs, com.typesafe.sbt.coffeescript.SbtCoffeeScript) not found List(play.sbt.PlayScala, play.sbt.PlayNettyServer, play.sbt.PlayLayoutPlugin, play.sbt.PlayLogback, play.sbt.forkrun.PlayForkRun)
  :: sorting:: found: List(sbt.plugins.CorePlugin, com.typesafe.sbt.SbtNativePackager, sbt.plugins.InteractionServicePlugin, sbt.plugins.SendEventServicePlugin, sbt.plugins.SerializersPlugin, sbt.plugins.IvyPlugin, com.typesafe.sbt.packager.universal.UniversalPlugin, sbt.plugins.JvmPlugin, com.typesafe.sbt.packager.windows.WindowsPlugin, com.typesafe.sbt.packager.docker.DockerPlugin, com.typesafe.sbt.packager.linux.LinuxPlugin, play.twirl.sbt.SbtTwirl, play.sbt.routes.RoutesCompiler, sbt.plugins.JUnitXmlReportPlugin, sbt.plugins.BackgroundRunPlugin, com.typesafe.sbt.packager.rpm.RpmPlugin, com.typesafe.sbt.web.SbtWeb, com.typesafe.sbt.packager.debian.DebianPlugin, com.typesafe.sbt.packager.archetypes.JavaAppPackaging, com.typesafe.sbt.jse.SbtJsEngine, org.irundaia.sbt.sass.SbtSassify, com.typesafe.sbt.digest.SbtDigest, com.typesafe.sbt.packager.archetypes.JavaServerAppPackaging, com.typesafe.sbt.jse.SbtJsTask, play.sbt.Play, com.typesafe.sbt.jshint.SbtJSHint, com.typesafe.sbt.mocha.SbtMocha, com.typesafe.sbt.less.SbtLess, com.typesafe.sbt.rjs.SbtRjs, com.typesafe.sbt.coffeescript.SbtCoffeeScript, play.sbt.PlayScala, play.sbt.PlayNettyServer, play.sbt.PlayLayoutPlugin, play.sbt.PlayLogback, play.sbt.forkrun.PlayForkRun) not found List()
  :: sorted deduced result: List(sbt.plugins.CorePlugin, com.typesafe.sbt.SbtNativePackager, sbt.plugins.InteractionServicePlugin, sbt.plugins.SendEventServicePlugin, sbt.plugins.SerializersPlugin, sbt.plugins.IvyPlugin, com.typesafe.sbt.packager.universal.UniversalPlugin, sbt.plugins.JvmPlugin, com.typesafe.sbt.packager.windows.WindowsPlugin, com.typesafe.sbt.packager.docker.DockerPlugin, com.typesafe.sbt.packager.linux.LinuxPlugin, play.twirl.sbt.SbtTwirl, play.sbt.routes.RoutesCompiler, sbt.plugins.JUnitXmlReportPlugin, sbt.plugins.BackgroundRunPlugin, com.typesafe.sbt.packager.rpm.RpmPlugin, com.typesafe.sbt.web.SbtWeb, com.typesafe.sbt.packager.debian.DebianPlugin, com.typesafe.sbt.packager.archetypes.JavaAppPackaging, com.typesafe.sbt.jse.SbtJsEngine, org.irundaia.sbt.sass.SbtSassify, com.typesafe.sbt.digest.SbtDigest, com.typesafe.sbt.packager.archetypes.JavaServerAppPackaging, com.typesafe.sbt.jse.SbtJsTask, play.sbt.Play, com.typesafe.sbt.jshint.SbtJSHint, com.typesafe.sbt.mocha.SbtMocha, com.typesafe.sbt.less.SbtLess, com.typesafe.sbt.rjs.SbtRjs, com.typesafe.sbt.coffeescript.SbtCoffeeScript, play.sbt.PlayScala, play.sbt.PlayNettyServer, play.sbt.PlayLayoutPlugin, play.sbt.PlayLogback, play.sbt.forkrun.PlayForkRun)
[Loading] Done in D:\Development\soldiers, returning: (root)
Set current project to soldiers (in build file:/D:/Development/soldiers/)
Reapplying settings...
Set current project to soldiers (in build file:/D:/Development/soldiers/)
> iflast shell
> server-send-ready-for-request
> server-handle-next-server-request
> {file:/D:/Development/soldiers/}root/compile:discoveredMainClasses
Evaluating tasks: compile:discoveredMainClasses
Running task... Cancel: sbt.server.ServerTaskCancellation@4edf8abc, check cycles: false

Initial source changes: 
	removed:Set()
	added: Set()
	modified: Set(D:\Development\soldiers\target\scala-2.11\twirl\main\views\html\p2pIndex.template.scala, D:\Development\soldiers\app\core\GameState.scala)
Removed products: Set()
External API changes: API Changes: Set()
Modified binary dependencies: Set()
Initial directly invalidated sources: Set(D:\Development\soldiers\target\scala-2.11\twirl\main\views\html\p2pIndex.template.scala, D:\Development\soldiers\app\core\GameState.scala)

Sources indirectly invalidated by:
	product: Set()
	binary dep: Set()
	external source: Set()
All initially invalidated sources: Set(D:\Development\soldiers\target\scala-2.11\twirl\main\views\html\p2pIndex.template.scala, D:\Development\soldiers\app\core\GameState.scala)

Read from stdout: Compiling 2 Scala sources to D:\Development\soldiers\target\scala-2.11\classes...
Compiling 2 Scala sources to D:\Development\soldiers\target\scala-2.11\classes...
Getting compiler-interface from component compiler for Scala 2.11.7
Other repositories:
Default repositories:
Getting compiler-interface from component compiler for Scala 2.11.7
Other repositories:
Default repositories:
Running cached compiler 6b080b27, interfacing (CompilerInterface) with Scala compiler version 2.11.7
Calling Scala compiler with arguments  (CompilerInterface):
	-deprecation
	-unchecked
	-encoding
	utf8
	-bootclasspath
	C:\Program Files\Java\jre1.8.0_112\lib\resources.jar;C:\Program Files\Java\jre1.8.0_112\lib\rt.jar;C:\Program Files\Java\jre1.8.0_112\lib\sunrsasign.jar;C:\Program Files\Java\jre1.8.0_112\lib\jsse.jar;C:\Program Files\Java\jre1.8.0_112\lib\jce.jar;C:\Program Files\Java\jre1.8.0_112\lib\charsets.jar;C:\Program Files\Java\jre1.8.0_112\lib\jfr.jar;C:\Program Files\Java\jre1.8.0_112\classes;C:\Users\Sergio\.ivy2\cache\org.scala-lang\scala-library\jars\scala-library-2.11.7.jar
	-classpath
	D:\Development\soldiers\target\scala-2.11\classes;C:\Users\Sergio\.ivy2\cache\com.typesafe.play\twirl-api_2.11\jars\twirl-api_2.11-1.1.1.jar;C:\Users\Sergio\.ivy2\cache\org.apache.commons\commons-lang3\jars\commons-lang3-3.4.jar;C:\Users\Sergio\.ivy2\cache\org.scala-lang.modules\scala-xml_2.11\bundles\scala-xml_2.11-1.0.1.jar;C:\Users\Sergio\.ivy2\cache\com.typesafe.play\play-server_2.11\jars\play-server_2.11-2.5.10.jar;C:\Users\Sergio\.ivy2\cache\com.typesafe.play\play_2.11\jars\play_2.11-2.5.10.jar;C:\Users\Sergio\.ivy2\cache\com.typesafe.play\build-link\jars\build-link-2.5.10.jar;C:\Users\Sergio\.ivy2\cache\com.typesafe.play\play-exceptions\jars\play-exceptions-2.5.10.jar;C:\Users\Sergio\.ivy2\cache\com.typesafe.play\play-iteratees_2.11\jars\play-iteratees_2.11-2.5.10.jar;C:\Users\Sergio\.ivy2\cache\org.scala-stm\scala-stm_2.11\jars\scala-stm_2.11-0.7.jar;C:\Users\Sergio\.ivy2\cache\com.typesafe\config\bundles\config-1.3.0.jar;C:\Users\Sergio\.ivy2\cache\com.typesafe.play\play-json_2.11\jars\play-json_2.11-2.5.10.jar;C:\Users\Sergio\.ivy2\cache\com.typesafe.play\play-functional_2.11\jars\play-functional_2.11-2.5.10.jar;C:\Users\Sergio\.ivy2\cache\com.typesafe.play\play-datacommons_2.11\jars\play-datacommons_2.11-2.5.10.jar;C:\Users\Sergio\.ivy2\cache\joda-time\joda-time\jars\joda-time-2.9.6.jar;C:\Users\Sergio\.ivy2\cache\org.joda\joda-convert\jars\joda-convert-1.8.1.jar;C:\Users\Sergio\.ivy2\cache\org.scala-lang\scala-reflect\jars\scala-reflect-2.11.7.jar;C:\Users\Sergio\.ivy2\cache\com.fasterxml.jackson.core\jackson-core\bundles\jackson-core-2.7.8.jar;C:\Users\Sergio\.ivy2\cache\com.fasterxml.jackson.core\jackson-annotations\bundles\jackson-annotations-2.7.8.jar;C:\Users\Sergio\.ivy2\cache\com.fasterxml.jackson.core\jackson-databind\bundles\jackson-databind-2.7.8.jar;C:\Users\Sergio\.ivy2\cache\com.fasterxml.jackson.datatype\jackson-datatype-jdk8\bundles\jackson-datatype-jdk8-2.7.8.jar;C:\Users\Sergio\.ivy2\cache\com.fasterxml.jackson.datatype\jackson-datatype-jsr310\bundles\jackson-datatype-jsr310-2.7.8.jar;C:\Users\Sergio\.ivy2\cache\com.typesafe.play\play-netty-utils\jars\play-netty-utils-2.5.10.jar;C:\Users\Sergio\.ivy2\cache\org.slf4j\slf4j-api\jars\slf4j-api-1.7.21.jar;C:\Users\Sergio\.ivy2\cache\org.slf4j\jul-to-slf4j\jars\jul-to-slf4j-1.7.21.jar;C:\Users\Sergio\.ivy2\cache\org.slf4j\jcl-over-slf4j\jars\jcl-over-slf4j-1.7.21.jar;C:\Users\Sergio\.ivy2\cache\com.typesafe.play\play-streams_2.11\jars\play-streams_2.11-2.5.10.jar;C:\Users\Sergio\.ivy2\cache\org.reactivestreams\reactive-streams\jars\reactive-streams-1.0.0.jar;C:\Users\Sergio\.ivy2\cache\com.typesafe.akka\akka-stream_2.11\jars\akka-stream_2.11-2.4.12.jar;C:\Users\Sergio\.ivy2\cache\com.typesafe.akka\akka-actor_2.11\jars\akka-actor_2.11-2.4.12.jar;C:\Users\Sergio\.ivy2\cache\org.scala-lang.modules\scala-java8-compat_2.11\bundles\scala-java8-compat_2.11-0.7.0.jar;C:\Users\Sergio\.ivy2\cache\com.typesafe\ssl-config-core_2.11\bundles\ssl-config-core_2.11-0.2.1.jar;C:\Users\Sergio\.ivy2\cache\org.scala-lang.modules\scala-parser-combinators_2.11\bundles\scala-parser-combinators_2.11-1.0.4.jar;C:\Users\Sergio\.ivy2\cache\com.typesafe.akka\akka-slf4j_2.11\jars\akka-slf4j_2.11-2.4.12.jar;C:\Users\Sergio\.ivy2\cache\commons-codec\commons-codec\jars\commons-codec-1.10.jar;C:\Users\Sergio\.ivy2\cache\xerces\xercesImpl\jars\xercesImpl-2.11.0.jar;C:\Users\Sergio\.ivy2\cache\xml-apis\xml-apis\jars\xml-apis-1.4.01.jar;C:\Users\Sergio\.ivy2\cache\javax.transaction\jta\jars\jta-1.1.jar;C:\Users\Sergio\.ivy2\cache\com.google.inject\guice\jars\guice-4.0.jar;C:\Users\Sergio\.ivy2\cache\javax.inject\javax.inject\jars\javax.inject-1.jar;C:\Users\Sergio\.ivy2\cache\aopalliance\aopalliance\jars\aopalliance-1.0.jar;C:\Users\Sergio\.ivy2\cache\com.google.inject.extensions\guice-assistedinject\jars\guice-assistedinject-4.0.jar;C:\Users\Sergio\.ivy2\cache\com.typesafe.play\play-netty-server_2.11\jars\play-netty-server_2.11-2.5.10.jar;C:\Users\Sergio\.ivy2\cache\com.typesafe.netty\netty-reactive-streams-http\jars\netty-reactive-streams-http-1.0.8.jar;C:\Users\Sergio\.ivy2\cache\com.typesafe.netty\netty-reactive-streams\jars\netty-reactive-streams-1.0.8.jar;C:\Users\Sergio\.ivy2\cache\io.netty\netty-handler\jars\netty-handler-4.0.41.Final.jar;C:\Users\Sergio\.ivy2\cache\io.netty\netty-buffer\jars\netty-buffer-4.0.41.Final.jar;C:\Users\Sergio\.ivy2\cache\io.netty\netty-common\jars\netty-common-4.0.41.Final.jar;C:\Users\Sergio\.ivy2\cache\io.netty\netty-transport\jars\netty-transport-4.0.41.Final.jar;C:\Users\Sergio\.ivy2\cache\io.netty\netty-codec\jars\netty-codec-4.0.41.Final.jar;C:\Users\Sergio\.ivy2\cache\io.netty\netty-codec-http\jars\netty-codec-http-4.0.41.Final.jar;C:\Users\Sergio\.ivy2\cache\io.netty\netty-transport-native-epoll\jars\netty-transport-native-epoll-4.0.41.Final-linux-x86_64.jar;C:\Users\Sergio\.ivy2\cache\com.typesafe.play\play-logback_2.11\jars\play-logback_2.11-2.5.10.jar;C:\Users\Sergio\.ivy2\cache\ch.qos.logback\logback-classic\jars\logback-classic-1.1.7.jar;C:\Users\Sergio\.ivy2\cache\ch.qos.logback\logback-core\jars\logback-core-1.1.7.jar;C:\Users\Sergio\.ivy2\cache\com.typesafe.play\play-jdbc_2.11\jars\play-jdbc_2.11-2.5.10.jar;C:\Users\Sergio\.ivy2\cache\com.typesafe.play\play-jdbc-api_2.11\jars\play-jdbc-api_2.11-2.5.10.jar;C:\Users\Sergio\.ivy2\cache\com.jolbox\bonecp\bundles\bonecp-0.8.0.RELEASE.jar;C:\Users\Sergio\.ivy2\cache\com.zaxxer\HikariCP\bundles\HikariCP-2.5.1.jar;C:\Users\Sergio\.ivy2\cache\com.googlecode.usc\jdbcdslog\jars\jdbcdslog-1.0.6.2.jar;C:\Users\Sergio\.ivy2\cache\com.h2database\h2\jars\h2-1.4.192.jar;C:\Users\Sergio\.ivy2\cache\tyrex\tyrex\jars\tyrex-1.0.1.jar;C:\Users\Sergio\.ivy2\cache\com.typesafe.play\play-cache_2.11\jars\play-cache_2.11-2.5.10.jar;C:\Users\Sergio\.ivy2\cache\net.sf.ehcache\ehcache-core\jars\ehcache-core-2.6.11.jar;C:\Users\Sergio\.ivy2\cache\com.typesafe.play\play-ws_2.11\jars\play-ws_2.11-2.5.10.jar;C:\Users\Sergio\.ivy2\cache\com.google.guava\guava\bundles\guava-19.0.jar;C:\Users\Sergio\.ivy2\cache\org.asynchttpclient\async-http-client\jars\async-http-client-2.0.11.jar;C:\Users\Sergio\.ivy2\cache\org.asynchttpclient\netty-resolver-dns\jars\netty-resolver-dns-2.0.11.jar;C:\Users\Sergio\.ivy2\cache\org.asynchttpclient\netty-resolver\jars\netty-resolver-2.0.11.jar;C:\Users\Sergio\.ivy2\cache\org.asynchttpclient\netty-codec-dns\jars\netty-codec-dns-2.0.11.jar;C:\Users\Sergio\.ivy2\cache\org.javassist\javassist\bundles\javassist-3.20.0-GA.jar;C:\Users\Sergio\.ivy2\cache\oauth.signpost\signpost-core\jars\signpost-core-1.2.1.2.jar;C:\Users\Sergio\.ivy2\cache\oauth.signpost\signpost-commonshttp4\jars\signpost-commonshttp4-1.2.1.2.jar;C:\activator\repository\org.apache.httpcomponents\httpcore\4.0.1\jars\httpcore.jar;C:\activator\repository\org.apache.httpcomponents\httpclient\4.0.1\jars\httpclient.jar;C:\Users\Sergio\.ivy2\cache\commons-logging\commons-logging\jars\commons-logging-1.1.1.jar;C:\Users\Sergio\.ivy2\cache\org.jbox2d\jbox2d-library\jars\jbox2d-library-2.2.1.1.jar;C:\Users\Sergio\.ivy2\cache\com.google.protobuf\protobuf-java\bundles\protobuf-java-3.1.0.jar
Scala compilation took 5.139707447 s
Invalidating D:\Development\soldiers\app\core\GameState.scala...
Invalidating (transitively) by inheritance from D:\Development\soldiers\app\core\GameState.scala...
Initial set of included nodes: Set(D:\Development\soldiers\app\core\GameState.scala)
Invalidated by transitive inheritance dependency: Set(D:\Development\soldiers\app\core\GameState.scala)
The D:\Development\soldiers\app\core\GameState.scala source file has the following regular definitions changed:
	bulletTimer.
All member reference dependencies will be considered within this context.
None of the modified names appears in D:\Development\soldiers\app\actors\GameRoom.scala. This dependency is not being considered for invalidation.
None of the modified names appears in D:\Development\soldiers\app\actors\Player.scala. This dependency is not being considered for invalidation.
None of the modified names appears in D:\Development\soldiers\app\actors\GameTimer.scala. This dependency is not being considered for invalidation.
None of the modified names appears in D:\Development\soldiers\app\controllers\HomeController.scala. This dependency is not being considered for invalidation.
New invalidations:
	Set()
Initial set of included nodes: Set()
Previously invalidated, but (transitively) depend on new invalidations:
	Set()
All newly invalidated sources after taking into account (previously) recompiled sources:Set()
Total time: 8 s, completed Feb 1, 2017 11:09:03 PM
> server-post-command-cleanup
> server-handle-next-server-request
> {file:/D:/Development/soldiers/}root/compile:mainClass
Evaluating tasks: compile:mainClass
Running task... Cancel: sbt.server.ServerTaskCancellation@3cdd3389, check cycles: false
Total time: 0 s, completed Feb 1, 2017 11:09:03 PM
> server-post-command-cleanup
> server-handle-next-server-request
> {file:/D:/Development/soldiers/}root/compile:discoveredMainClasses
Evaluating tasks: compile:discoveredMainClasses
Running task... Cancel: sbt.server.ServerTaskCancellation@a03b375, check cycles: false

Initial source changes: 
	removed:Set()
	added: Set()
	modified: Set()
Removed products: Set()
External API changes: API Changes: Set()
Modified binary dependencies: Set()
Initial directly invalidated sources: Set()

Sources indirectly invalidated by:
	product: Set()
	binary dep: Set()
	external source: Set()
All initially invalidated sources: Set()

Total time: 0 s, completed Feb 1, 2017 11:09:03 PM
> server-post-command-cleanup
> server-handle-next-server-request
> {file:/D:/Development/soldiers/}root/compile:mainClass
Evaluating tasks: compile:mainClass
Running task... Cancel: sbt.server.ServerTaskCancellation@5be02aec, check cycles: false
Total time: 0 s, completed Feb 1, 2017 11:09:03 PM
> server-post-command-cleanup
> server-handle-next-server-request
> backgroundRun
Evaluating tasks: compile:backgroundRun
Running task... Cancel: sbt.server.ServerTaskCancellation@407e126f, check cycles: false
Total time: 0 s, completed Feb 1, 2017 11:15:57 PM
> server-post-command-cleanup
> server-handle-next-server-request
> {file:/D:/Development/soldiers/}root/*:playForkConfig
Evaluating tasks: *:playForkConfig
Running task... Cancel: sbt.server.ServerTaskCancellation@beaf681, check cycles: false
Total time: 0 s, completed Feb 1, 2017 11:15:58 PM
> server-post-command-cleanup
> server-handle-next-server-request
> root/playForkNotifyStart http://localhost:9000
Evaluating tasks: *:playForkNotifyStart
Running task... Cancel: sbt.server.ServerTaskCancellation@6f0fcc4c, check cycles: false
Total time: 0 s, completed Feb 1, 2017 11:15:59 PM
> server-post-command-cleanup
> server-handle-next-server-request
> {file:/D:/Development/soldiers/}root/*:playForkReload
Evaluating tasks: *:playForkReload
Running task... Cancel: sbt.server.ServerTaskCancellation@626a68fb, check cycles: false

Initial source changes: 
	removed:Set()
	added: Set()
	modified: Set()
Removed products: Set()
External API changes: API Changes: Set()
Modified binary dependencies: Set()
Initial directly invalidated sources: Set()

Sources indirectly invalidated by:
	product: Set()
	binary dep: Set()
	external source: Set()
All initially invalidated sources: Set()

Copy resource mappings: 
	(D:\Development\soldiers\conf\application.conf,D:\Development\soldiers\target\scala-2.11\classes\application.conf)
	(D:\Development\soldiers\conf\logback.xml,D:\Development\soldiers\target\scala-2.11\classes\logback.xml)
	(D:\Development\soldiers\conf\routes,D:\Development\soldiers\target\scala-2.11\classes\routes)
Total time: 1 s, completed Feb 1, 2017 11:18:51 PM
> server-post-command-cleanup
> server-handle-next-server-request
> {file:/D:/Development/soldiers/}root/*:playForkReload
Evaluating tasks: *:playForkReload
Running task... Cancel: sbt.server.ServerTaskCancellation@2aae949a, check cycles: false

Initial source changes: 
	removed:Set()
	added: Set()
	modified: Set()
Removed products: Set()
External API changes: API Changes: Set()
Modified binary dependencies: Set()
Initial directly invalidated sources: Set()

Sources indirectly invalidated by:
	product: Set()
	binary dep: Set()
	external source: Set()
All initially invalidated sources: Set()

Copy resource mappings: 
	(D:\Development\soldiers\conf\application.conf,D:\Development\soldiers\target\scala-2.11\classes\application.conf)
	(D:\Development\soldiers\conf\logback.xml,D:\Development\soldiers\target\scala-2.11\classes\logback.xml)
	(D:\Development\soldiers\conf\routes,D:\Development\soldiers\target\scala-2.11\classes\routes)
Total time: 1 s, completed Feb 1, 2017 11:20:00 PM
> server-post-command-cleanup
> server-handle-next-server-request
> {file:/D:/Development/soldiers/}root/*:playForkReload
Evaluating tasks: *:playForkReload
Running task... Cancel: sbt.server.ServerTaskCancellation@64c1e0d, check cycles: false

Initial source changes: 
	removed:Set()
	added: Set()
	modified: Set(D:\Development\soldiers\app\core\GameState.scala)
Removed products: Set()
External API changes: API Changes: Set()
Modified binary dependencies: Set()
Initial directly invalidated sources: Set(D:\Development\soldiers\app\core\GameState.scala)

Sources indirectly invalidated by:
	product: Set()
	binary dep: Set()
	external source: Set()
All initially invalidated sources: Set(D:\Development\soldiers\app\core\GameState.scala)

Read from stdout: Compiling 1 Scala source to D:\Development\soldiers\target\scala-2.11\classes...
Compiling 1 Scala source to D:\Development\soldiers\target\scala-2.11\classes...
Getting compiler-interface from component compiler for Scala 2.11.7
Other repositories:
Default repositories:
Getting compiler-interface from component compiler for Scala 2.11.7
Other repositories:
Default repositories:
Running cached compiler 20e713ef, interfacing (CompilerInterface) with Scala compiler version 2.11.7
Calling Scala compiler with arguments  (CompilerInterface):
	-deprecation
	-unchecked
	-encoding
	utf8
	-bootclasspath
	C:\Program Files\Java\jre1.8.0_112\lib\resources.jar;C:\Program Files\Java\jre1.8.0_112\lib\rt.jar;C:\Program Files\Java\jre1.8.0_112\lib\sunrsasign.jar;C:\Program Files\Java\jre1.8.0_112\lib\jsse.jar;C:\Program Files\Java\jre1.8.0_112\lib\jce.jar;C:\Program Files\Java\jre1.8.0_112\lib\charsets.jar;C:\Program Files\Java\jre1.8.0_112\lib\jfr.jar;C:\Program Files\Java\jre1.8.0_112\classes;C:\Users\Sergio\.ivy2\cache\org.scala-lang\scala-library\jars\scala-library-2.11.7.jar
	-classpath
	D:\Development\soldiers\target\scala-2.11\classes;C:\Users\Sergio\.ivy2\cache\com.typesafe.play\twirl-api_2.11\jars\twirl-api_2.11-1.1.1.jar;C:\Users\Sergio\.ivy2\cache\org.apache.commons\commons-lang3\jars\commons-lang3-3.4.jar;C:\Users\Sergio\.ivy2\cache\org.scala-lang.modules\scala-xml_2.11\bundles\scala-xml_2.11-1.0.1.jar;C:\Users\Sergio\.ivy2\cache\com.typesafe.play\play-server_2.11\jars\play-server_2.11-2.5.10.jar;C:\Users\Sergio\.ivy2\cache\com.typesafe.play\play_2.11\jars\play_2.11-2.5.10.jar;C:\Users\Sergio\.ivy2\cache\com.typesafe.play\build-link\jars\build-link-2.5.10.jar;C:\Users\Sergio\.ivy2\cache\com.typesafe.play\play-exceptions\jars\play-exceptions-2.5.10.jar;C:\Users\Sergio\.ivy2\cache\com.typesafe.play\play-iteratees_2.11\jars\play-iteratees_2.11-2.5.10.jar;C:\Users\Sergio\.ivy2\cache\org.scala-stm\scala-stm_2.11\jars\scala-stm_2.11-0.7.jar;C:\Users\Sergio\.ivy2\cache\com.typesafe\config\bundles\config-1.3.0.jar;C:\Users\Sergio\.ivy2\cache\com.typesafe.play\play-json_2.11\jars\play-json_2.11-2.5.10.jar;C:\Users\Sergio\.ivy2\cache\com.typesafe.play\play-functional_2.11\jars\play-functional_2.11-2.5.10.jar;C:\Users\Sergio\.ivy2\cache\com.typesafe.play\play-datacommons_2.11\jars\play-datacommons_2.11-2.5.10.jar;C:\Users\Sergio\.ivy2\cache\joda-time\joda-time\jars\joda-time-2.9.6.jar;C:\Users\Sergio\.ivy2\cache\org.joda\joda-convert\jars\joda-convert-1.8.1.jar;C:\Users\Sergio\.ivy2\cache\org.scala-lang\scala-reflect\jars\scala-reflect-2.11.7.jar;C:\Users\Sergio\.ivy2\cache\com.fasterxml.jackson.core\jackson-core\bundles\jackson-core-2.7.8.jar;C:\Users\Sergio\.ivy2\cache\com.fasterxml.jackson.core\jackson-annotations\bundles\jackson-annotations-2.7.8.jar;C:\Users\Sergio\.ivy2\cache\com.fasterxml.jackson.core\jackson-databind\bundles\jackson-databind-2.7.8.jar;C:\Users\Sergio\.ivy2\cache\com.fasterxml.jackson.datatype\jackson-datatype-jdk8\bundles\jackson-datatype-jdk8-2.7.8.jar;C:\Users\Sergio\.ivy2\cache\com.fasterxml.jackson.datatype\jackson-datatype-jsr310\bundles\jackson-datatype-jsr310-2.7.8.jar;C:\Users\Sergio\.ivy2\cache\com.typesafe.play\play-netty-utils\jars\play-netty-utils-2.5.10.jar;C:\Users\Sergio\.ivy2\cache\org.slf4j\slf4j-api\jars\slf4j-api-1.7.21.jar;C:\Users\Sergio\.ivy2\cache\org.slf4j\jul-to-slf4j\jars\jul-to-slf4j-1.7.21.jar;C:\Users\Sergio\.ivy2\cache\org.slf4j\jcl-over-slf4j\jars\jcl-over-slf4j-1.7.21.jar;C:\Users\Sergio\.ivy2\cache\com.typesafe.play\play-streams_2.11\jars\play-streams_2.11-2.5.10.jar;C:\Users\Sergio\.ivy2\cache\org.reactivestreams\reactive-streams\jars\reactive-streams-1.0.0.jar;C:\Users\Sergio\.ivy2\cache\com.typesafe.akka\akka-stream_2.11\jars\akka-stream_2.11-2.4.12.jar;C:\Users\Sergio\.ivy2\cache\com.typesafe.akka\akka-actor_2.11\jars\akka-actor_2.11-2.4.12.jar;C:\Users\Sergio\.ivy2\cache\org.scala-lang.modules\scala-java8-compat_2.11\bundles\scala-java8-compat_2.11-0.7.0.jar;C:\Users\Sergio\.ivy2\cache\com.typesafe\ssl-config-core_2.11\bundles\ssl-config-core_2.11-0.2.1.jar;C:\Users\Sergio\.ivy2\cache\org.scala-lang.modules\scala-parser-combinators_2.11\bundles\scala-parser-combinators_2.11-1.0.4.jar;C:\Users\Sergio\.ivy2\cache\com.typesafe.akka\akka-slf4j_2.11\jars\akka-slf4j_2.11-2.4.12.jar;C:\Users\Sergio\.ivy2\cache\commons-codec\commons-codec\jars\commons-codec-1.10.jar;C:\Users\Sergio\.ivy2\cache\xerces\xercesImpl\jars\xercesImpl-2.11.0.jar;C:\Users\Sergio\.ivy2\cache\xml-apis\xml-apis\jars\xml-apis-1.4.01.jar;C:\Users\Sergio\.ivy2\cache\javax.transaction\jta\jars\jta-1.1.jar;C:\Users\Sergio\.ivy2\cache\com.google.inject\guice\jars\guice-4.0.jar;C:\Users\Sergio\.ivy2\cache\javax.inject\javax.inject\jars\javax.inject-1.jar;C:\Users\Sergio\.ivy2\cache\aopalliance\aopalliance\jars\aopalliance-1.0.jar;C:\Users\Sergio\.ivy2\cache\com.google.inject.extensions\guice-assistedinject\jars\guice-assistedinject-4.0.jar;C:\Users\Sergio\.ivy2\cache\com.typesafe.play\play-netty-server_2.11\jars\play-netty-server_2.11-2.5.10.jar;C:\Users\Sergio\.ivy2\cache\com.typesafe.netty\netty-reactive-streams-http\jars\netty-reactive-streams-http-1.0.8.jar;C:\Users\Sergio\.ivy2\cache\com.typesafe.netty\netty-reactive-streams\jars\netty-reactive-streams-1.0.8.jar;C:\Users\Sergio\.ivy2\cache\io.netty\netty-handler\jars\netty-handler-4.0.41.Final.jar;C:\Users\Sergio\.ivy2\cache\io.netty\netty-buffer\jars\netty-buffer-4.0.41.Final.jar;C:\Users\Sergio\.ivy2\cache\io.netty\netty-common\jars\netty-common-4.0.41.Final.jar;C:\Users\Sergio\.ivy2\cache\io.netty\netty-transport\jars\netty-transport-4.0.41.Final.jar;C:\Users\Sergio\.ivy2\cache\io.netty\netty-codec\jars\netty-codec-4.0.41.Final.jar;C:\Users\Sergio\.ivy2\cache\io.netty\netty-codec-http\jars\netty-codec-http-4.0.41.Final.jar;C:\Users\Sergio\.ivy2\cache\io.netty\netty-transport-native-epoll\jars\netty-transport-native-epoll-4.0.41.Final-linux-x86_64.jar;C:\Users\Sergio\.ivy2\cache\com.typesafe.play\play-logback_2.11\jars\play-logback_2.11-2.5.10.jar;C:\Users\Sergio\.ivy2\cache\ch.qos.logback\logback-classic\jars\logback-classic-1.1.7.jar;C:\Users\Sergio\.ivy2\cache\ch.qos.logback\logback-core\jars\logback-core-1.1.7.jar;C:\Users\Sergio\.ivy2\cache\com.typesafe.play\play-jdbc_2.11\jars\play-jdbc_2.11-2.5.10.jar;C:\Users\Sergio\.ivy2\cache\com.typesafe.play\play-jdbc-api_2.11\jars\play-jdbc-api_2.11-2.5.10.jar;C:\Users\Sergio\.ivy2\cache\com.jolbox\bonecp\bundles\bonecp-0.8.0.RELEASE.jar;C:\Users\Sergio\.ivy2\cache\com.zaxxer\HikariCP\bundles\HikariCP-2.5.1.jar;C:\Users\Sergio\.ivy2\cache\com.googlecode.usc\jdbcdslog\jars\jdbcdslog-1.0.6.2.jar;C:\Users\Sergio\.ivy2\cache\com.h2database\h2\jars\h2-1.4.192.jar;C:\Users\Sergio\.ivy2\cache\tyrex\tyrex\jars\tyrex-1.0.1.jar;C:\Users\Sergio\.ivy2\cache\com.typesafe.play\play-cache_2.11\jars\play-cache_2.11-2.5.10.jar;C:\Users\Sergio\.ivy2\cache\net.sf.ehcache\ehcache-core\jars\ehcache-core-2.6.11.jar;C:\Users\Sergio\.ivy2\cache\com.typesafe.play\play-ws_2.11\jars\play-ws_2.11-2.5.10.jar;C:\Users\Sergio\.ivy2\cache\com.google.guava\guava\bundles\guava-19.0.jar;C:\Users\Sergio\.ivy2\cache\org.asynchttpclient\async-http-client\jars\async-http-client-2.0.11.jar;C:\Users\Sergio\.ivy2\cache\org.asynchttpclient\netty-resolver-dns\jars\netty-resolver-dns-2.0.11.jar;C:\Users\Sergio\.ivy2\cache\org.asynchttpclient\netty-resolver\jars\netty-resolver-2.0.11.jar;C:\Users\Sergio\.ivy2\cache\org.asynchttpclient\netty-codec-dns\jars\netty-codec-dns-2.0.11.jar;C:\Users\Sergio\.ivy2\cache\org.javassist\javassist\bundles\javassist-3.20.0-GA.jar;C:\Users\Sergio\.ivy2\cache\oauth.signpost\signpost-core\jars\signpost-core-1.2.1.2.jar;C:\Users\Sergio\.ivy2\cache\oauth.signpost\signpost-commonshttp4\jars\signpost-commonshttp4-1.2.1.2.jar;C:\activator\repository\org.apache.httpcomponents\httpcore\4.0.1\jars\httpcore.jar;C:\activator\repository\org.apache.httpcomponents\httpclient\4.0.1\jars\httpclient.jar;C:\Users\Sergio\.ivy2\cache\commons-logging\commons-logging\jars\commons-logging-1.1.1.jar;C:\Users\Sergio\.ivy2\cache\org.jbox2d\jbox2d-library\jars\jbox2d-library-2.2.1.1.jar;C:\Users\Sergio\.ivy2\cache\com.google.protobuf\protobuf-java\bundles\protobuf-java-3.1.0.jar
Scala compilation took 2.074473855 s
New invalidations:
	Set()
Initial set of included nodes: Set()
Previously invalidated, but (transitively) depend on new invalidations:
	Set()
All newly invalidated sources after taking into account (previously) recompiled sources:Set()
Copy resource mappings: 
	(D:\Development\soldiers\conf\application.conf,D:\Development\soldiers\target\scala-2.11\classes\application.conf)
	(D:\Development\soldiers\conf\logback.xml,D:\Development\soldiers\target\scala-2.11\classes\logback.xml)
	(D:\Development\soldiers\conf\routes,D:\Development\soldiers\target\scala-2.11\classes\routes)
Total time: 3 s, completed Feb 1, 2017 11:21:58 PM
> server-post-command-cleanup
> server-handle-next-server-request
> {file:/D:/Development/soldiers/}root/*:playForkReload
Evaluating tasks: *:playForkReload
Running task... Cancel: sbt.server.ServerTaskCancellation@40db8066, check cycles: false

Initial source changes: 
	removed:Set()
	added: Set()
	modified: Set(D:\Development\soldiers\app\actors\GameRoom.scala)
Removed products: Set()
External API changes: API Changes: Set()
Modified binary dependencies: Set()
Initial directly invalidated sources: Set(D:\Development\soldiers\app\actors\GameRoom.scala)

Sources indirectly invalidated by:
	product: Set()
	binary dep: Set()
	external source: Set()
All initially invalidated sources: Set(D:\Development\soldiers\app\actors\GameRoom.scala)

Read from stdout: Compiling 1 Scala source to D:\Development\soldiers\target\scala-2.11\classes...
Compiling 1 Scala source to D:\Development\soldiers\target\scala-2.11\classes...
Getting compiler-interface from component compiler for Scala 2.11.7
Other repositories:
Default repositories:
Getting compiler-interface from component compiler for Scala 2.11.7
Other repositories:
Default repositories:
Running cached compiler 1bb60885, interfacing (CompilerInterface) with Scala compiler version 2.11.7
Calling Scala compiler with arguments  (CompilerInterface):
	-deprecation
	-unchecked
	-encoding
	utf8
	-bootclasspath
	C:\Program Files\Java\jre1.8.0_112\lib\resources.jar;C:\Program Files\Java\jre1.8.0_112\lib\rt.jar;C:\Program Files\Java\jre1.8.0_112\lib\sunrsasign.jar;C:\Program Files\Java\jre1.8.0_112\lib\jsse.jar;C:\Program Files\Java\jre1.8.0_112\lib\jce.jar;C:\Program Files\Java\jre1.8.0_112\lib\charsets.jar;C:\Program Files\Java\jre1.8.0_112\lib\jfr.jar;C:\Program Files\Java\jre1.8.0_112\classes;C:\Users\Sergio\.ivy2\cache\org.scala-lang\scala-library\jars\scala-library-2.11.7.jar
	-classpath
	D:\Development\soldiers\target\scala-2.11\classes;C:\Users\Sergio\.ivy2\cache\com.typesafe.play\twirl-api_2.11\jars\twirl-api_2.11-1.1.1.jar;C:\Users\Sergio\.ivy2\cache\org.apache.commons\commons-lang3\jars\commons-lang3-3.4.jar;C:\Users\Sergio\.ivy2\cache\org.scala-lang.modules\scala-xml_2.11\bundles\scala-xml_2.11-1.0.1.jar;C:\Users\Sergio\.ivy2\cache\com.typesafe.play\play-server_2.11\jars\play-server_2.11-2.5.10.jar;C:\Users\Sergio\.ivy2\cache\com.typesafe.play\play_2.11\jars\play_2.11-2.5.10.jar;C:\Users\Sergio\.ivy2\cache\com.typesafe.play\build-link\jars\build-link-2.5.10.jar;C:\Users\Sergio\.ivy2\cache\com.typesafe.play\play-exceptions\jars\play-exceptions-2.5.10.jar;C:\Users\Sergio\.ivy2\cache\com.typesafe.play\play-iteratees_2.11\jars\play-iteratees_2.11-2.5.10.jar;C:\Users\Sergio\.ivy2\cache\org.scala-stm\scala-stm_2.11\jars\scala-stm_2.11-0.7.jar;C:\Users\Sergio\.ivy2\cache\com.typesafe\config\bundles\config-1.3.0.jar;C:\Users\Sergio\.ivy2\cache\com.typesafe.play\play-json_2.11\jars\play-json_2.11-2.5.10.jar;C:\Users\Sergio\.ivy2\cache\com.typesafe.play\play-functional_2.11\jars\play-functional_2.11-2.5.10.jar;C:\Users\Sergio\.ivy2\cache\com.typesafe.play\play-datacommons_2.11\jars\play-datacommons_2.11-2.5.10.jar;C:\Users\Sergio\.ivy2\cache\joda-time\joda-time\jars\joda-time-2.9.6.jar;C:\Users\Sergio\.ivy2\cache\org.joda\joda-convert\jars\joda-convert-1.8.1.jar;C:\Users\Sergio\.ivy2\cache\org.scala-lang\scala-reflect\jars\scala-reflect-2.11.7.jar;C:\Users\Sergio\.ivy2\cache\com.fasterxml.jackson.core\jackson-core\bundles\jackson-core-2.7.8.jar;C:\Users\Sergio\.ivy2\cache\com.fasterxml.jackson.core\jackson-annotations\bundles\jackson-annotations-2.7.8.jar;C:\Users\Sergio\.ivy2\cache\com.fasterxml.jackson.core\jackson-databind\bundles\jackson-databind-2.7.8.jar;C:\Users\Sergio\.ivy2\cache\com.fasterxml.jackson.datatype\jackson-datatype-jdk8\bundles\jackson-datatype-jdk8-2.7.8.jar;C:\Users\Sergio\.ivy2\cache\com.fasterxml.jackson.datatype\jackson-datatype-jsr310\bundles\jackson-datatype-jsr310-2.7.8.jar;C:\Users\Sergio\.ivy2\cache\com.typesafe.play\play-netty-utils\jars\play-netty-utils-2.5.10.jar;C:\Users\Sergio\.ivy2\cache\org.slf4j\slf4j-api\jars\slf4j-api-1.7.21.jar;C:\Users\Sergio\.ivy2\cache\org.slf4j\jul-to-slf4j\jars\jul-to-slf4j-1.7.21.jar;C:\Users\Sergio\.ivy2\cache\org.slf4j\jcl-over-slf4j\jars\jcl-over-slf4j-1.7.21.jar;C:\Users\Sergio\.ivy2\cache\com.typesafe.play\play-streams_2.11\jars\play-streams_2.11-2.5.10.jar;C:\Users\Sergio\.ivy2\cache\org.reactivestreams\reactive-streams\jars\reactive-streams-1.0.0.jar;C:\Users\Sergio\.ivy2\cache\com.typesafe.akka\akka-stream_2.11\jars\akka-stream_2.11-2.4.12.jar;C:\Users\Sergio\.ivy2\cache\com.typesafe.akka\akka-actor_2.11\jars\akka-actor_2.11-2.4.12.jar;C:\Users\Sergio\.ivy2\cache\org.scala-lang.modules\scala-java8-compat_2.11\bundles\scala-java8-compat_2.11-0.7.0.jar;C:\Users\Sergio\.ivy2\cache\com.typesafe\ssl-config-core_2.11\bundles\ssl-config-core_2.11-0.2.1.jar;C:\Users\Sergio\.ivy2\cache\org.scala-lang.modules\scala-parser-combinators_2.11\bundles\scala-parser-combinators_2.11-1.0.4.jar;C:\Users\Sergio\.ivy2\cache\com.typesafe.akka\akka-slf4j_2.11\jars\akka-slf4j_2.11-2.4.12.jar;C:\Users\Sergio\.ivy2\cache\commons-codec\commons-codec\jars\commons-codec-1.10.jar;C:\Users\Sergio\.ivy2\cache\xerces\xercesImpl\jars\xercesImpl-2.11.0.jar;C:\Users\Sergio\.ivy2\cache\xml-apis\xml-apis\jars\xml-apis-1.4.01.jar;C:\Users\Sergio\.ivy2\cache\javax.transaction\jta\jars\jta-1.1.jar;C:\Users\Sergio\.ivy2\cache\com.google.inject\guice\jars\guice-4.0.jar;C:\Users\Sergio\.ivy2\cache\javax.inject\javax.inject\jars\javax.inject-1.jar;C:\Users\Sergio\.ivy2\cache\aopalliance\aopalliance\jars\aopalliance-1.0.jar;C:\Users\Sergio\.ivy2\cache\com.google.inject.extensions\guice-assistedinject\jars\guice-assistedinject-4.0.jar;C:\Users\Sergio\.ivy2\cache\com.typesafe.play\play-netty-server_2.11\jars\play-netty-server_2.11-2.5.10.jar;C:\Users\Sergio\.ivy2\cache\com.typesafe.netty\netty-reactive-streams-http\jars\netty-reactive-streams-http-1.0.8.jar;C:\Users\Sergio\.ivy2\cache\com.typesafe.netty\netty-reactive-streams\jars\netty-reactive-streams-1.0.8.jar;C:\Users\Sergio\.ivy2\cache\io.netty\netty-handler\jars\netty-handler-4.0.41.Final.jar;C:\Users\Sergio\.ivy2\cache\io.netty\netty-buffer\jars\netty-buffer-4.0.41.Final.jar;C:\Users\Sergio\.ivy2\cache\io.netty\netty-common\jars\netty-common-4.0.41.Final.jar;C:\Users\Sergio\.ivy2\cache\io.netty\netty-transport\jars\netty-transport-4.0.41.Final.jar;C:\Users\Sergio\.ivy2\cache\io.netty\netty-codec\jars\netty-codec-4.0.41.Final.jar;C:\Users\Sergio\.ivy2\cache\io.netty\netty-codec-http\jars\netty-codec-http-4.0.41.Final.jar;C:\Users\Sergio\.ivy2\cache\io.netty\netty-transport-native-epoll\jars\netty-transport-native-epoll-4.0.41.Final-linux-x86_64.jar;C:\Users\Sergio\.ivy2\cache\com.typesafe.play\play-logback_2.11\jars\play-logback_2.11-2.5.10.jar;C:\Users\Sergio\.ivy2\cache\ch.qos.logback\logback-classic\jars\logback-classic-1.1.7.jar;C:\Users\Sergio\.ivy2\cache\ch.qos.logback\logback-core\jars\logback-core-1.1.7.jar;C:\Users\Sergio\.ivy2\cache\com.typesafe.play\play-jdbc_2.11\jars\play-jdbc_2.11-2.5.10.jar;C:\Users\Sergio\.ivy2\cache\com.typesafe.play\play-jdbc-api_2.11\jars\play-jdbc-api_2.11-2.5.10.jar;C:\Users\Sergio\.ivy2\cache\com.jolbox\bonecp\bundles\bonecp-0.8.0.RELEASE.jar;C:\Users\Sergio\.ivy2\cache\com.zaxxer\HikariCP\bundles\HikariCP-2.5.1.jar;C:\Users\Sergio\.ivy2\cache\com.googlecode.usc\jdbcdslog\jars\jdbcdslog-1.0.6.2.jar;C:\Users\Sergio\.ivy2\cache\com.h2database\h2\jars\h2-1.4.192.jar;C:\Users\Sergio\.ivy2\cache\tyrex\tyrex\jars\tyrex-1.0.1.jar;C:\Users\Sergio\.ivy2\cache\com.typesafe.play\play-cache_2.11\jars\play-cache_2.11-2.5.10.jar;C:\Users\Sergio\.ivy2\cache\net.sf.ehcache\ehcache-core\jars\ehcache-core-2.6.11.jar;C:\Users\Sergio\.ivy2\cache\com.typesafe.play\play-ws_2.11\jars\play-ws_2.11-2.5.10.jar;C:\Users\Sergio\.ivy2\cache\com.google.guava\guava\bundles\guava-19.0.jar;C:\Users\Sergio\.ivy2\cache\org.asynchttpclient\async-http-client\jars\async-http-client-2.0.11.jar;C:\Users\Sergio\.ivy2\cache\org.asynchttpclient\netty-resolver-dns\jars\netty-resolver-dns-2.0.11.jar;C:\Users\Sergio\.ivy2\cache\org.asynchttpclient\netty-resolver\jars\netty-resolver-2.0.11.jar;C:\Users\Sergio\.ivy2\cache\org.asynchttpclient\netty-codec-dns\jars\netty-codec-dns-2.0.11.jar;C:\Users\Sergio\.ivy2\cache\org.javassist\javassist\bundles\javassist-3.20.0-GA.jar;C:\Users\Sergio\.ivy2\cache\oauth.signpost\signpost-core\jars\signpost-core-1.2.1.2.jar;C:\Users\Sergio\.ivy2\cache\oauth.signpost\signpost-commonshttp4\jars\signpost-commonshttp4-1.2.1.2.jar;C:\activator\repository\org.apache.httpcomponents\httpcore\4.0.1\jars\httpcore.jar;C:\activator\repository\org.apache.httpcomponents\httpclient\4.0.1\jars\httpclient.jar;C:\Users\Sergio\.ivy2\cache\commons-logging\commons-logging\jars\commons-logging-1.1.1.jar;C:\Users\Sergio\.ivy2\cache\org.jbox2d\jbox2d-library\jars\jbox2d-library-2.2.1.1.jar;C:\Users\Sergio\.ivy2\cache\com.google.protobuf\protobuf-java\bundles\protobuf-java-3.1.0.jar
Read from stdout: there were two feature warnings; re-run with -feature for details
there were two feature warnings; re-run with -feature for details
Read from stdout: one warning found
one warning found
Scala compilation took 1.305285236 s
New invalidations:
	Set()
Initial set of included nodes: Set()
Previously invalidated, but (transitively) depend on new invalidations:
	Set()
All newly invalidated sources after taking into account (previously) recompiled sources:Set()
Copy resource mappings: 
	(D:\Development\soldiers\conf\application.conf,D:\Development\soldiers\target\scala-2.11\classes\application.conf)
	(D:\Development\soldiers\conf\logback.xml,D:\Development\soldiers\target\scala-2.11\classes\logback.xml)
	(D:\Development\soldiers\conf\routes,D:\Development\soldiers\target\scala-2.11\classes\routes)
Total time: 2 s, completed Feb 1, 2017 11:24:00 PM
> server-post-command-cleanup
> server-handle-next-server-request
> {file:/D:/Development/soldiers/}root/*:playForkReload
Evaluating tasks: *:playForkReload
Running task... Cancel: sbt.server.ServerTaskCancellation@267bea9d, check cycles: false

Initial source changes: 
	removed:Set()
	added: Set()
	modified: Set()
Removed products: Set()
External API changes: API Changes: Set()
Modified binary dependencies: Set()
Initial directly invalidated sources: Set()

Sources indirectly invalidated by:
	product: Set()
	binary dep: Set()
	external source: Set()
All initially invalidated sources: Set()

Copy resource mappings: 
	(D:\Development\soldiers\conf\application.conf,D:\Development\soldiers\target\scala-2.11\classes\application.conf)
	(D:\Development\soldiers\conf\logback.xml,D:\Development\soldiers\target\scala-2.11\classes\logback.xml)
	(D:\Development\soldiers\conf\routes,D:\Development\soldiers\target\scala-2.11\classes\routes)
Total time: 0 s, completed Feb 1, 2017 11:25:08 PM
> server-post-command-cleanup
> server-handle-next-server-request
> {file:/D:/Development/soldiers/}root/*:playForkReload
Evaluating tasks: *:playForkReload
Running task... Cancel: sbt.server.ServerTaskCancellation@41337215, check cycles: false

Initial source changes: 
	removed:Set()
	added: Set()
	modified: Set()
Removed products: Set()
External API changes: API Changes: Set()
Modified binary dependencies: Set()
Initial directly invalidated sources: Set()

Sources indirectly invalidated by:
	product: Set()
	binary dep: Set()
	external source: Set()
All initially invalidated sources: Set()

Copy resource mappings: 
	(D:\Development\soldiers\conf\application.conf,D:\Development\soldiers\target\scala-2.11\classes\application.conf)
	(D:\Development\soldiers\conf\logback.xml,D:\Development\soldiers\target\scala-2.11\classes\logback.xml)
	(D:\Development\soldiers\conf\routes,D:\Development\soldiers\target\scala-2.11\classes\routes)
Total time: 0 s, completed Feb 1, 2017 11:25:57 PM
> server-post-command-cleanup
> server-handle-next-server-request
> {file:/D:/Development/soldiers/}root/*:playForkReload
Evaluating tasks: *:playForkReload
Running task... Cancel: sbt.server.ServerTaskCancellation@7c950214, check cycles: false

Initial source changes: 
	removed:Set()
	added: Set()
	modified: Set()
Removed products: Set()
External API changes: API Changes: Set()
Modified binary dependencies: Set()
Initial directly invalidated sources: Set()

Sources indirectly invalidated by:
	product: Set()
	binary dep: Set()
	external source: Set()
All initially invalidated sources: Set()

Copy resource mappings: 
	(D:\Development\soldiers\conf\application.conf,D:\Development\soldiers\target\scala-2.11\classes\application.conf)
	(D:\Development\soldiers\conf\logback.xml,D:\Development\soldiers\target\scala-2.11\classes\logback.xml)
	(D:\Development\soldiers\conf\routes,D:\Development\soldiers\target\scala-2.11\classes\routes)
Total time: 1 s, completed Feb 1, 2017 11:26:21 PM
> server-post-command-cleanup
> server-handle-next-server-request
> {file:/D:/Development/soldiers/}root/*:playForkReload
Evaluating tasks: *:playForkReload
Running task... Cancel: sbt.server.ServerTaskCancellation@478f17c5, check cycles: false

Initial source changes: 
	removed:Set()
	added: Set()
	modified: Set()
Removed products: Set()
External API changes: API Changes: Set()
Modified binary dependencies: Set()
Initial directly invalidated sources: Set()

Sources indirectly invalidated by:
	product: Set()
	binary dep: Set()
	external source: Set()
All initially invalidated sources: Set()

Copy resource mappings: 
	(D:\Development\soldiers\conf\application.conf,D:\Development\soldiers\target\scala-2.11\classes\application.conf)
	(D:\Development\soldiers\conf\logback.xml,D:\Development\soldiers\target\scala-2.11\classes\logback.xml)
	(D:\Development\soldiers\conf\routes,D:\Development\soldiers\target\scala-2.11\classes\routes)
Total time: 1 s, completed Feb 1, 2017 11:27:05 PM
> server-post-command-cleanup
> server-handle-next-server-request
> {file:/D:/Development/soldiers/}root/*:playForkReload
Evaluating tasks: *:playForkReload
Running task... Cancel: sbt.server.ServerTaskCancellation@6ceeaa0, check cycles: false

Initial source changes: 
	removed:Set()
	added: Set()
	modified: Set()
Removed products: Set()
External API changes: API Changes: Set()
Modified binary dependencies: Set()
Initial directly invalidated sources: Set()

Sources indirectly invalidated by:
	product: Set()
	binary dep: Set()
	external source: Set()
All initially invalidated sources: Set()

Copy resource mappings: 
	(D:\Development\soldiers\conf\application.conf,D:\Development\soldiers\target\scala-2.11\classes\application.conf)
	(D:\Development\soldiers\conf\logback.xml,D:\Development\soldiers\target\scala-2.11\classes\logback.xml)
	(D:\Development\soldiers\conf\routes,D:\Development\soldiers\target\scala-2.11\classes\routes)
Total time: 1 s, completed Feb 1, 2017 11:27:32 PM
> server-post-command-cleanup
> server-handle-next-server-request
> {file:/D:/Development/soldiers/}root/*:playForkReload
Evaluating tasks: *:playForkReload
Running task... Cancel: sbt.server.ServerTaskCancellation@3b16a5e2, check cycles: false

Initial source changes: 
	removed:Set()
	added: Set()
	modified: Set()
Removed products: Set()
External API changes: API Changes: Set()
Modified binary dependencies: Set()
Initial directly invalidated sources: Set()

Sources indirectly invalidated by:
	product: Set()
	binary dep: Set()
	external source: Set()
All initially invalidated sources: Set()

Copy resource mappings: 
	(D:\Development\soldiers\conf\application.conf,D:\Development\soldiers\target\scala-2.11\classes\application.conf)
	(D:\Development\soldiers\conf\logback.xml,D:\Development\soldiers\target\scala-2.11\classes\logback.xml)
	(D:\Development\soldiers\conf\routes,D:\Development\soldiers\target\scala-2.11\classes\routes)
Total time: 0 s, completed Feb 1, 2017 11:27:59 PM
> server-post-command-cleanup
> server-handle-next-server-request
> {file:/D:/Development/soldiers/}root/*:playForkReload
Evaluating tasks: *:playForkReload
Running task... Cancel: sbt.server.ServerTaskCancellation@ad88715, check cycles: false

Initial source changes: 
	removed:Set()
	added: Set()
	modified: Set()
Removed products: Set()
External API changes: API Changes: Set()
Modified binary dependencies: Set()
Initial directly invalidated sources: Set()

Sources indirectly invalidated by:
	product: Set()
	binary dep: Set()
	external source: Set()
All initially invalidated sources: Set()

Copy resource mappings: 
	(D:\Development\soldiers\conf\application.conf,D:\Development\soldiers\target\scala-2.11\classes\application.conf)
	(D:\Development\soldiers\conf\logback.xml,D:\Development\soldiers\target\scala-2.11\classes\logback.xml)
	(D:\Development\soldiers\conf\routes,D:\Development\soldiers\target\scala-2.11\classes\routes)
Total time: 0 s, completed Feb 1, 2017 11:28:21 PM
> server-post-command-cleanup
> server-handle-next-server-request
> {file:/D:/Development/soldiers/}root/*:playForkReload
Evaluating tasks: *:playForkReload
Running task... Cancel: sbt.server.ServerTaskCancellation@12af24e5, check cycles: false

Initial source changes: 
	removed:Set()
	added: Set()
	modified: Set()
Removed products: Set()
External API changes: API Changes: Set()
Modified binary dependencies: Set()
Initial directly invalidated sources: Set()

Sources indirectly invalidated by:
	product: Set()
	binary dep: Set()
	external source: Set()
All initially invalidated sources: Set()

Copy resource mappings: 
	(D:\Development\soldiers\conf\application.conf,D:\Development\soldiers\target\scala-2.11\classes\application.conf)
	(D:\Development\soldiers\conf\logback.xml,D:\Development\soldiers\target\scala-2.11\classes\logback.xml)
	(D:\Development\soldiers\conf\routes,D:\Development\soldiers\target\scala-2.11\classes\routes)
Total time: 0 s, completed Feb 1, 2017 11:29:00 PM
> server-post-command-cleanup
> server-handle-next-server-request
> {file:/D:/Development/soldiers/}root/*:playForkReload
Evaluating tasks: *:playForkReload
Running task... Cancel: sbt.server.ServerTaskCancellation@e4fa719, check cycles: false

Initial source changes: 
	removed:Set()
	added: Set()
	modified: Set()
Removed products: Set()
External API changes: API Changes: Set()
Modified binary dependencies: Set()
Initial directly invalidated sources: Set()

Sources indirectly invalidated by:
	product: Set()
	binary dep: Set()
	external source: Set()
All initially invalidated sources: Set()

Copy resource mappings: 
	(D:\Development\soldiers\conf\application.conf,D:\Development\soldiers\target\scala-2.11\classes\application.conf)
	(D:\Development\soldiers\conf\logback.xml,D:\Development\soldiers\target\scala-2.11\classes\logback.xml)
	(D:\Development\soldiers\conf\routes,D:\Development\soldiers\target\scala-2.11\classes\routes)
Total time: 0 s, completed Feb 1, 2017 11:32:27 PM
> server-post-command-cleanup
> server-handle-next-server-request
> {file:/D:/Development/soldiers/}root/*:playForkReload
Evaluating tasks: *:playForkReload
Running task... Cancel: sbt.server.ServerTaskCancellation@65963172, check cycles: false

Initial source changes: 
	removed:Set()
	added: Set()
	modified: Set(D:\Development\soldiers\app\core\GameState.scala)
Removed products: Set()
External API changes: API Changes: Set()
Modified binary dependencies: Set()
Initial directly invalidated sources: Set(D:\Development\soldiers\app\core\GameState.scala)

Sources indirectly invalidated by:
	product: Set()
	binary dep: Set()
	external source: Set()
All initially invalidated sources: Set(D:\Development\soldiers\app\core\GameState.scala)

Read from stdout: Compiling 1 Scala source to D:\Development\soldiers\target\scala-2.11\classes...
Compiling 1 Scala source to D:\Development\soldiers\target\scala-2.11\classes...
Getting compiler-interface from component compiler for Scala 2.11.7
Other repositories:
Default repositories:
Getting compiler-interface from component compiler for Scala 2.11.7
Other repositories:
Default repositories:
Running cached compiler f345442, interfacing (CompilerInterface) with Scala compiler version 2.11.7
Calling Scala compiler with arguments  (CompilerInterface):
	-deprecation
	-unchecked
	-encoding
	utf8
	-bootclasspath
	C:\Program Files\Java\jre1.8.0_112\lib\resources.jar;C:\Program Files\Java\jre1.8.0_112\lib\rt.jar;C:\Program Files\Java\jre1.8.0_112\lib\sunrsasign.jar;C:\Program Files\Java\jre1.8.0_112\lib\jsse.jar;C:\Program Files\Java\jre1.8.0_112\lib\jce.jar;C:\Program Files\Java\jre1.8.0_112\lib\charsets.jar;C:\Program Files\Java\jre1.8.0_112\lib\jfr.jar;C:\Program Files\Java\jre1.8.0_112\classes;C:\Users\Sergio\.ivy2\cache\org.scala-lang\scala-library\jars\scala-library-2.11.7.jar
	-classpath
	D:\Development\soldiers\target\scala-2.11\classes;C:\Users\Sergio\.ivy2\cache\com.typesafe.play\twirl-api_2.11\jars\twirl-api_2.11-1.1.1.jar;C:\Users\Sergio\.ivy2\cache\org.apache.commons\commons-lang3\jars\commons-lang3-3.4.jar;C:\Users\Sergio\.ivy2\cache\org.scala-lang.modules\scala-xml_2.11\bundles\scala-xml_2.11-1.0.1.jar;C:\Users\Sergio\.ivy2\cache\com.typesafe.play\play-server_2.11\jars\play-server_2.11-2.5.10.jar;C:\Users\Sergio\.ivy2\cache\com.typesafe.play\play_2.11\jars\play_2.11-2.5.10.jar;C:\Users\Sergio\.ivy2\cache\com.typesafe.play\build-link\jars\build-link-2.5.10.jar;C:\Users\Sergio\.ivy2\cache\com.typesafe.play\play-exceptions\jars\play-exceptions-2.5.10.jar;C:\Users\Sergio\.ivy2\cache\com.typesafe.play\play-iteratees_2.11\jars\play-iteratees_2.11-2.5.10.jar;C:\Users\Sergio\.ivy2\cache\org.scala-stm\scala-stm_2.11\jars\scala-stm_2.11-0.7.jar;C:\Users\Sergio\.ivy2\cache\com.typesafe\config\bundles\config-1.3.0.jar;C:\Users\Sergio\.ivy2\cache\com.typesafe.play\play-json_2.11\jars\play-json_2.11-2.5.10.jar;C:\Users\Sergio\.ivy2\cache\com.typesafe.play\play-functional_2.11\jars\play-functional_2.11-2.5.10.jar;C:\Users\Sergio\.ivy2\cache\com.typesafe.play\play-datacommons_2.11\jars\play-datacommons_2.11-2.5.10.jar;C:\Users\Sergio\.ivy2\cache\joda-time\joda-time\jars\joda-time-2.9.6.jar;C:\Users\Sergio\.ivy2\cache\org.joda\joda-convert\jars\joda-convert-1.8.1.jar;C:\Users\Sergio\.ivy2\cache\org.scala-lang\scala-reflect\jars\scala-reflect-2.11.7.jar;C:\Users\Sergio\.ivy2\cache\com.fasterxml.jackson.core\jackson-core\bundles\jackson-core-2.7.8.jar;C:\Users\Sergio\.ivy2\cache\com.fasterxml.jackson.core\jackson-annotations\bundles\jackson-annotations-2.7.8.jar;C:\Users\Sergio\.ivy2\cache\com.fasterxml.jackson.core\jackson-databind\bundles\jackson-databind-2.7.8.jar;C:\Users\Sergio\.ivy2\cache\com.fasterxml.jackson.datatype\jackson-datatype-jdk8\bundles\jackson-datatype-jdk8-2.7.8.jar;C:\Users\Sergio\.ivy2\cache\com.fasterxml.jackson.datatype\jackson-datatype-jsr310\bundles\jackson-datatype-jsr310-2.7.8.jar;C:\Users\Sergio\.ivy2\cache\com.typesafe.play\play-netty-utils\jars\play-netty-utils-2.5.10.jar;C:\Users\Sergio\.ivy2\cache\org.slf4j\slf4j-api\jars\slf4j-api-1.7.21.jar;C:\Users\Sergio\.ivy2\cache\org.slf4j\jul-to-slf4j\jars\jul-to-slf4j-1.7.21.jar;C:\Users\Sergio\.ivy2\cache\org.slf4j\jcl-over-slf4j\jars\jcl-over-slf4j-1.7.21.jar;C:\Users\Sergio\.ivy2\cache\com.typesafe.play\play-streams_2.11\jars\play-streams_2.11-2.5.10.jar;C:\Users\Sergio\.ivy2\cache\org.reactivestreams\reactive-streams\jars\reactive-streams-1.0.0.jar;C:\Users\Sergio\.ivy2\cache\com.typesafe.akka\akka-stream_2.11\jars\akka-stream_2.11-2.4.12.jar;C:\Users\Sergio\.ivy2\cache\com.typesafe.akka\akka-actor_2.11\jars\akka-actor_2.11-2.4.12.jar;C:\Users\Sergio\.ivy2\cache\org.scala-lang.modules\scala-java8-compat_2.11\bundles\scala-java8-compat_2.11-0.7.0.jar;C:\Users\Sergio\.ivy2\cache\com.typesafe\ssl-config-core_2.11\bundles\ssl-config-core_2.11-0.2.1.jar;C:\Users\Sergio\.ivy2\cache\org.scala-lang.modules\scala-parser-combinators_2.11\bundles\scala-parser-combinators_2.11-1.0.4.jar;C:\Users\Sergio\.ivy2\cache\com.typesafe.akka\akka-slf4j_2.11\jars\akka-slf4j_2.11-2.4.12.jar;C:\Users\Sergio\.ivy2\cache\commons-codec\commons-codec\jars\commons-codec-1.10.jar;C:\Users\Sergio\.ivy2\cache\xerces\xercesImpl\jars\xercesImpl-2.11.0.jar;C:\Users\Sergio\.ivy2\cache\xml-apis\xml-apis\jars\xml-apis-1.4.01.jar;C:\Users\Sergio\.ivy2\cache\javax.transaction\jta\jars\jta-1.1.jar;C:\Users\Sergio\.ivy2\cache\com.google.inject\guice\jars\guice-4.0.jar;C:\Users\Sergio\.ivy2\cache\javax.inject\javax.inject\jars\javax.inject-1.jar;C:\Users\Sergio\.ivy2\cache\aopalliance\aopalliance\jars\aopalliance-1.0.jar;C:\Users\Sergio\.ivy2\cache\com.google.inject.extensions\guice-assistedinject\jars\guice-assistedinject-4.0.jar;C:\Users\Sergio\.ivy2\cache\com.typesafe.play\play-netty-server_2.11\jars\play-netty-server_2.11-2.5.10.jar;C:\Users\Sergio\.ivy2\cache\com.typesafe.netty\netty-reactive-streams-http\jars\netty-reactive-streams-http-1.0.8.jar;C:\Users\Sergio\.ivy2\cache\com.typesafe.netty\netty-reactive-streams\jars\netty-reactive-streams-1.0.8.jar;C:\Users\Sergio\.ivy2\cache\io.netty\netty-handler\jars\netty-handler-4.0.41.Final.jar;C:\Users\Sergio\.ivy2\cache\io.netty\netty-buffer\jars\netty-buffer-4.0.41.Final.jar;C:\Users\Sergio\.ivy2\cache\io.netty\netty-common\jars\netty-common-4.0.41.Final.jar;C:\Users\Sergio\.ivy2\cache\io.netty\netty-transport\jars\netty-transport-4.0.41.Final.jar;C:\Users\Sergio\.ivy2\cache\io.netty\netty-codec\jars\netty-codec-4.0.41.Final.jar;C:\Users\Sergio\.ivy2\cache\io.netty\netty-codec-http\jars\netty-codec-http-4.0.41.Final.jar;C:\Users\Sergio\.ivy2\cache\io.netty\netty-transport-native-epoll\jars\netty-transport-native-epoll-4.0.41.Final-linux-x86_64.jar;C:\Users\Sergio\.ivy2\cache\com.typesafe.play\play-logback_2.11\jars\play-logback_2.11-2.5.10.jar;C:\Users\Sergio\.ivy2\cache\ch.qos.logback\logback-classic\jars\logback-classic-1.1.7.jar;C:\Users\Sergio\.ivy2\cache\ch.qos.logback\logback-core\jars\logback-core-1.1.7.jar;C:\Users\Sergio\.ivy2\cache\com.typesafe.play\play-jdbc_2.11\jars\play-jdbc_2.11-2.5.10.jar;C:\Users\Sergio\.ivy2\cache\com.typesafe.play\play-jdbc-api_2.11\jars\play-jdbc-api_2.11-2.5.10.jar;C:\Users\Sergio\.ivy2\cache\com.jolbox\bonecp\bundles\bonecp-0.8.0.RELEASE.jar;C:\Users\Sergio\.ivy2\cache\com.zaxxer\HikariCP\bundles\HikariCP-2.5.1.jar;C:\Users\Sergio\.ivy2\cache\com.googlecode.usc\jdbcdslog\jars\jdbcdslog-1.0.6.2.jar;C:\Users\Sergio\.ivy2\cache\com.h2database\h2\jars\h2-1.4.192.jar;C:\Users\Sergio\.ivy2\cache\tyrex\tyrex\jars\tyrex-1.0.1.jar;C:\Users\Sergio\.ivy2\cache\com.typesafe.play\play-cache_2.11\jars\play-cache_2.11-2.5.10.jar;C:\Users\Sergio\.ivy2\cache\net.sf.ehcache\ehcache-core\jars\ehcache-core-2.6.11.jar;C:\Users\Sergio\.ivy2\cache\com.typesafe.play\play-ws_2.11\jars\play-ws_2.11-2.5.10.jar;C:\Users\Sergio\.ivy2\cache\com.google.guava\guava\bundles\guava-19.0.jar;C:\Users\Sergio\.ivy2\cache\org.asynchttpclient\async-http-client\jars\async-http-client-2.0.11.jar;C:\Users\Sergio\.ivy2\cache\org.asynchttpclient\netty-resolver-dns\jars\netty-resolver-dns-2.0.11.jar;C:\Users\Sergio\.ivy2\cache\org.asynchttpclient\netty-resolver\jars\netty-resolver-2.0.11.jar;C:\Users\Sergio\.ivy2\cache\org.asynchttpclient\netty-codec-dns\jars\netty-codec-dns-2.0.11.jar;C:\Users\Sergio\.ivy2\cache\org.javassist\javassist\bundles\javassist-3.20.0-GA.jar;C:\Users\Sergio\.ivy2\cache\oauth.signpost\signpost-core\jars\signpost-core-1.2.1.2.jar;C:\Users\Sergio\.ivy2\cache\oauth.signpost\signpost-commonshttp4\jars\signpost-commonshttp4-1.2.1.2.jar;C:\activator\repository\org.apache.httpcomponents\httpcore\4.0.1\jars\httpcore.jar;C:\activator\repository\org.apache.httpcomponents\httpclient\4.0.1\jars\httpclient.jar;C:\Users\Sergio\.ivy2\cache\commons-logging\commons-logging\jars\commons-logging-1.1.1.jar;C:\Users\Sergio\.ivy2\cache\org.jbox2d\jbox2d-library\jars\jbox2d-library-2.2.1.1.jar;C:\Users\Sergio\.ivy2\cache\com.google.protobuf\protobuf-java\bundles\protobuf-java-3.1.0.jar
Scala compilation took 1.396194831 s
New invalidations:
	Set()
Initial set of included nodes: Set()
Previously invalidated, but (transitively) depend on new invalidations:
	Set()
All newly invalidated sources after taking into account (previously) recompiled sources:Set()
Copy resource mappings: 
	(D:\Development\soldiers\conf\application.conf,D:\Development\soldiers\target\scala-2.11\classes\application.conf)
	(D:\Development\soldiers\conf\logback.xml,D:\Development\soldiers\target\scala-2.11\classes\logback.xml)
	(D:\Development\soldiers\conf\routes,D:\Development\soldiers\target\scala-2.11\classes\routes)
Total time: 2 s, completed Feb 1, 2017 11:33:08 PM
> server-post-command-cleanup
> server-handle-next-server-request
> {file:/D:/Development/soldiers/}root/*:playForkReload
Evaluating tasks: *:playForkReload
Running task... Cancel: sbt.server.ServerTaskCancellation@18bc3570, check cycles: false

Initial source changes: 
	removed:Set()
	added: Set()
	modified: Set(D:\Development\soldiers\app\actors\GameRoom.scala)
Removed products: Set()
External API changes: API Changes: Set()
Modified binary dependencies: Set()
Initial directly invalidated sources: Set(D:\Development\soldiers\app\actors\GameRoom.scala)

Sources indirectly invalidated by:
	product: Set()
	binary dep: Set()
	external source: Set()
All initially invalidated sources: Set(D:\Development\soldiers\app\actors\GameRoom.scala)

Read from stdout: Compiling 1 Scala source to D:\Development\soldiers\target\scala-2.11\classes...
Compiling 1 Scala source to D:\Development\soldiers\target\scala-2.11\classes...
Getting compiler-interface from component compiler for Scala 2.11.7
Other repositories:
Default repositories:
Getting compiler-interface from component compiler for Scala 2.11.7
Other repositories:
Default repositories:
Running cached compiler 13e19302, interfacing (CompilerInterface) with Scala compiler version 2.11.7
Calling Scala compiler with arguments  (CompilerInterface):
	-deprecation
	-unchecked
	-encoding
	utf8
	-bootclasspath
	C:\Program Files\Java\jre1.8.0_112\lib\resources.jar;C:\Program Files\Java\jre1.8.0_112\lib\rt.jar;C:\Program Files\Java\jre1.8.0_112\lib\sunrsasign.jar;C:\Program Files\Java\jre1.8.0_112\lib\jsse.jar;C:\Program Files\Java\jre1.8.0_112\lib\jce.jar;C:\Program Files\Java\jre1.8.0_112\lib\charsets.jar;C:\Program Files\Java\jre1.8.0_112\lib\jfr.jar;C:\Program Files\Java\jre1.8.0_112\classes;C:\Users\Sergio\.ivy2\cache\org.scala-lang\scala-library\jars\scala-library-2.11.7.jar
	-classpath
	D:\Development\soldiers\target\scala-2.11\classes;C:\Users\Sergio\.ivy2\cache\com.typesafe.play\twirl-api_2.11\jars\twirl-api_2.11-1.1.1.jar;C:\Users\Sergio\.ivy2\cache\org.apache.commons\commons-lang3\jars\commons-lang3-3.4.jar;C:\Users\Sergio\.ivy2\cache\org.scala-lang.modules\scala-xml_2.11\bundles\scala-xml_2.11-1.0.1.jar;C:\Users\Sergio\.ivy2\cache\com.typesafe.play\play-server_2.11\jars\play-server_2.11-2.5.10.jar;C:\Users\Sergio\.ivy2\cache\com.typesafe.play\play_2.11\jars\play_2.11-2.5.10.jar;C:\Users\Sergio\.ivy2\cache\com.typesafe.play\build-link\jars\build-link-2.5.10.jar;C:\Users\Sergio\.ivy2\cache\com.typesafe.play\play-exceptions\jars\play-exceptions-2.5.10.jar;C:\Users\Sergio\.ivy2\cache\com.typesafe.play\play-iteratees_2.11\jars\play-iteratees_2.11-2.5.10.jar;C:\Users\Sergio\.ivy2\cache\org.scala-stm\scala-stm_2.11\jars\scala-stm_2.11-0.7.jar;C:\Users\Sergio\.ivy2\cache\com.typesafe\config\bundles\config-1.3.0.jar;C:\Users\Sergio\.ivy2\cache\com.typesafe.play\play-json_2.11\jars\play-json_2.11-2.5.10.jar;C:\Users\Sergio\.ivy2\cache\com.typesafe.play\play-functional_2.11\jars\play-functional_2.11-2.5.10.jar;C:\Users\Sergio\.ivy2\cache\com.typesafe.play\play-datacommons_2.11\jars\play-datacommons_2.11-2.5.10.jar;C:\Users\Sergio\.ivy2\cache\joda-time\joda-time\jars\joda-time-2.9.6.jar;C:\Users\Sergio\.ivy2\cache\org.joda\joda-convert\jars\joda-convert-1.8.1.jar;C:\Users\Sergio\.ivy2\cache\org.scala-lang\scala-reflect\jars\scala-reflect-2.11.7.jar;C:\Users\Sergio\.ivy2\cache\com.fasterxml.jackson.core\jackson-core\bundles\jackson-core-2.7.8.jar;C:\Users\Sergio\.ivy2\cache\com.fasterxml.jackson.core\jackson-annotations\bundles\jackson-annotations-2.7.8.jar;C:\Users\Sergio\.ivy2\cache\com.fasterxml.jackson.core\jackson-databind\bundles\jackson-databind-2.7.8.jar;C:\Users\Sergio\.ivy2\cache\com.fasterxml.jackson.datatype\jackson-datatype-jdk8\bundles\jackson-datatype-jdk8-2.7.8.jar;C:\Users\Sergio\.ivy2\cache\com.fasterxml.jackson.datatype\jackson-datatype-jsr310\bundles\jackson-datatype-jsr310-2.7.8.jar;C:\Users\Sergio\.ivy2\cache\com.typesafe.play\play-netty-utils\jars\play-netty-utils-2.5.10.jar;C:\Users\Sergio\.ivy2\cache\org.slf4j\slf4j-api\jars\slf4j-api-1.7.21.jar;C:\Users\Sergio\.ivy2\cache\org.slf4j\jul-to-slf4j\jars\jul-to-slf4j-1.7.21.jar;C:\Users\Sergio\.ivy2\cache\org.slf4j\jcl-over-slf4j\jars\jcl-over-slf4j-1.7.21.jar;C:\Users\Sergio\.ivy2\cache\com.typesafe.play\play-streams_2.11\jars\play-streams_2.11-2.5.10.jar;C:\Users\Sergio\.ivy2\cache\org.reactivestreams\reactive-streams\jars\reactive-streams-1.0.0.jar;C:\Users\Sergio\.ivy2\cache\com.typesafe.akka\akka-stream_2.11\jars\akka-stream_2.11-2.4.12.jar;C:\Users\Sergio\.ivy2\cache\com.typesafe.akka\akka-actor_2.11\jars\akka-actor_2.11-2.4.12.jar;C:\Users\Sergio\.ivy2\cache\org.scala-lang.modules\scala-java8-compat_2.11\bundles\scala-java8-compat_2.11-0.7.0.jar;C:\Users\Sergio\.ivy2\cache\com.typesafe\ssl-config-core_2.11\bundles\ssl-config-core_2.11-0.2.1.jar;C:\Users\Sergio\.ivy2\cache\org.scala-lang.modules\scala-parser-combinators_2.11\bundles\scala-parser-combinators_2.11-1.0.4.jar;C:\Users\Sergio\.ivy2\cache\com.typesafe.akka\akka-slf4j_2.11\jars\akka-slf4j_2.11-2.4.12.jar;C:\Users\Sergio\.ivy2\cache\commons-codec\commons-codec\jars\commons-codec-1.10.jar;C:\Users\Sergio\.ivy2\cache\xerces\xercesImpl\jars\xercesImpl-2.11.0.jar;C:\Users\Sergio\.ivy2\cache\xml-apis\xml-apis\jars\xml-apis-1.4.01.jar;C:\Users\Sergio\.ivy2\cache\javax.transaction\jta\jars\jta-1.1.jar;C:\Users\Sergio\.ivy2\cache\com.google.inject\guice\jars\guice-4.0.jar;C:\Users\Sergio\.ivy2\cache\javax.inject\javax.inject\jars\javax.inject-1.jar;C:\Users\Sergio\.ivy2\cache\aopalliance\aopalliance\jars\aopalliance-1.0.jar;C:\Users\Sergio\.ivy2\cache\com.google.inject.extensions\guice-assistedinject\jars\guice-assistedinject-4.0.jar;C:\Users\Sergio\.ivy2\cache\com.typesafe.play\play-netty-server_2.11\jars\play-netty-server_2.11-2.5.10.jar;C:\Users\Sergio\.ivy2\cache\com.typesafe.netty\netty-reactive-streams-http\jars\netty-reactive-streams-http-1.0.8.jar;C:\Users\Sergio\.ivy2\cache\com.typesafe.netty\netty-reactive-streams\jars\netty-reactive-streams-1.0.8.jar;C:\Users\Sergio\.ivy2\cache\io.netty\netty-handler\jars\netty-handler-4.0.41.Final.jar;C:\Users\Sergio\.ivy2\cache\io.netty\netty-buffer\jars\netty-buffer-4.0.41.Final.jar;C:\Users\Sergio\.ivy2\cache\io.netty\netty-common\jars\netty-common-4.0.41.Final.jar;C:\Users\Sergio\.ivy2\cache\io.netty\netty-transport\jars\netty-transport-4.0.41.Final.jar;C:\Users\Sergio\.ivy2\cache\io.netty\netty-codec\jars\netty-codec-4.0.41.Final.jar;C:\Users\Sergio\.ivy2\cache\io.netty\netty-codec-http\jars\netty-codec-http-4.0.41.Final.jar;C:\Users\Sergio\.ivy2\cache\io.netty\netty-transport-native-epoll\jars\netty-transport-native-epoll-4.0.41.Final-linux-x86_64.jar;C:\Users\Sergio\.ivy2\cache\com.typesafe.play\play-logback_2.11\jars\play-logback_2.11-2.5.10.jar;C:\Users\Sergio\.ivy2\cache\ch.qos.logback\logback-classic\jars\logback-classic-1.1.7.jar;C:\Users\Sergio\.ivy2\cache\ch.qos.logback\logback-core\jars\logback-core-1.1.7.jar;C:\Users\Sergio\.ivy2\cache\com.typesafe.play\play-jdbc_2.11\jars\play-jdbc_2.11-2.5.10.jar;C:\Users\Sergio\.ivy2\cache\com.typesafe.play\play-jdbc-api_2.11\jars\play-jdbc-api_2.11-2.5.10.jar;C:\Users\Sergio\.ivy2\cache\com.jolbox\bonecp\bundles\bonecp-0.8.0.RELEASE.jar;C:\Users\Sergio\.ivy2\cache\com.zaxxer\HikariCP\bundles\HikariCP-2.5.1.jar;C:\Users\Sergio\.ivy2\cache\com.googlecode.usc\jdbcdslog\jars\jdbcdslog-1.0.6.2.jar;C:\Users\Sergio\.ivy2\cache\com.h2database\h2\jars\h2-1.4.192.jar;C:\Users\Sergio\.ivy2\cache\tyrex\tyrex\jars\tyrex-1.0.1.jar;C:\Users\Sergio\.ivy2\cache\com.typesafe.play\play-cache_2.11\jars\play-cache_2.11-2.5.10.jar;C:\Users\Sergio\.ivy2\cache\net.sf.ehcache\ehcache-core\jars\ehcache-core-2.6.11.jar;C:\Users\Sergio\.ivy2\cache\com.typesafe.play\play-ws_2.11\jars\play-ws_2.11-2.5.10.jar;C:\Users\Sergio\.ivy2\cache\com.google.guava\guava\bundles\guava-19.0.jar;C:\Users\Sergio\.ivy2\cache\org.asynchttpclient\async-http-client\jars\async-http-client-2.0.11.jar;C:\Users\Sergio\.ivy2\cache\org.asynchttpclient\netty-resolver-dns\jars\netty-resolver-dns-2.0.11.jar;C:\Users\Sergio\.ivy2\cache\org.asynchttpclient\netty-resolver\jars\netty-resolver-2.0.11.jar;C:\Users\Sergio\.ivy2\cache\org.asynchttpclient\netty-codec-dns\jars\netty-codec-dns-2.0.11.jar;C:\Users\Sergio\.ivy2\cache\org.javassist\javassist\bundles\javassist-3.20.0-GA.jar;C:\Users\Sergio\.ivy2\cache\oauth.signpost\signpost-core\jars\signpost-core-1.2.1.2.jar;C:\Users\Sergio\.ivy2\cache\oauth.signpost\signpost-commonshttp4\jars\signpost-commonshttp4-1.2.1.2.jar;C:\activator\repository\org.apache.httpcomponents\httpcore\4.0.1\jars\httpcore.jar;C:\activator\repository\org.apache.httpcomponents\httpclient\4.0.1\jars\httpclient.jar;C:\Users\Sergio\.ivy2\cache\commons-logging\commons-logging\jars\commons-logging-1.1.1.jar;C:\Users\Sergio\.ivy2\cache\org.jbox2d\jbox2d-library\jars\jbox2d-library-2.2.1.1.jar;C:\Users\Sergio\.ivy2\cache\com.google.protobuf\protobuf-java\bundles\protobuf-java-3.1.0.jar
Read from stdout: there were two feature warnings; re-run with -feature for details
there were two feature warnings; re-run with -feature for details
Read from stdout: one warning found
one warning found
Scala compilation took 0.818986216 s
New invalidations:
	Set()
Initial set of included nodes: Set()
Previously invalidated, but (transitively) depend on new invalidations:
	Set()
All newly invalidated sources after taking into account (previously) recompiled sources:Set()
Copy resource mappings: 
	(D:\Development\soldiers\conf\application.conf,D:\Development\soldiers\target\scala-2.11\classes\application.conf)
	(D:\Development\soldiers\conf\logback.xml,D:\Development\soldiers\target\scala-2.11\classes\logback.xml)
	(D:\Development\soldiers\conf\routes,D:\Development\soldiers\target\scala-2.11\classes\routes)
Total time: 1 s, completed Feb 1, 2017 11:34:26 PM
> server-post-command-cleanup
> server-handle-next-server-request
> {file:/D:/Development/soldiers/}root/*:playForkReload
Evaluating tasks: *:playForkReload
Running task... Cancel: sbt.server.ServerTaskCancellation@3143fe4e, check cycles: false

Initial source changes: 
	removed:Set()
	added: Set()
	modified: Set()
Removed products: Set()
External API changes: API Changes: Set()
Modified binary dependencies: Set()
Initial directly invalidated sources: Set()

Sources indirectly invalidated by:
	product: Set()
	binary dep: Set()
	external source: Set()
All initially invalidated sources: Set()

Copy resource mappings: 
	(D:\Development\soldiers\conf\application.conf,D:\Development\soldiers\target\scala-2.11\classes\application.conf)
	(D:\Development\soldiers\conf\logback.xml,D:\Development\soldiers\target\scala-2.11\classes\logback.xml)
	(D:\Development\soldiers\conf\routes,D:\Development\soldiers\target\scala-2.11\classes\routes)
Total time: 0 s, completed Feb 1, 2017 11:36:11 PM
> server-post-command-cleanup
> server-handle-next-server-request
